Performing C SOURCE FILE Test HAVE_C11_ATOMIC failed with the following output:
Change Dir: /Users/mclifton/Downloads/openal-soft-1.17.2/CMakeFiles/CMakeTmp

Run Build Command:"/usr/bin/xcodebuild" "-project" "CMAKE_TRY_COMPILE.xcodeproj" "build" "-target" "cmTC_33628" "-configuration" "Debug"
=== BUILD TARGET cmTC_33628 OF PROJECT CMAKE_TRY_COMPILE WITH CONFIGURATION Debug ===

Check dependencies

Write auxiliary files
/bin/mkdir -p /Users/mclifton/Downloads/openal-soft-1.17.2/CMakeFiles/CMakeTmp/CMAKE_TRY_COMPILE.build/Debug/cmTC_33628.build/Objects-normal/x86_64
write-file /Users/mclifton/Downloads/openal-soft-1.17.2/CMakeFiles/CMakeTmp/CMAKE_TRY_COMPILE.build/Debug/cmTC_33628.build/Objects-normal/x86_64/cmTC_33628.LinkFileList

CompileC CMAKE_TRY_COMPILE.build/Debug/cmTC_33628.build/Objects-normal/x86_64/src.o src.c normal x86_64 c com.apple.compilers.llvm.clang.1_0.compiler
    cd /Users/mclifton/Downloads/openal-soft-1.17.2/CMakeFiles/CMakeTmp
    export LANG=en_US.US-ASCII
    /Applications/Xcode.app/Contents/Developer/Toolchains/XcodeDefault.xctoolchain/usr/bin/clang -x c -arch x86_64 -fmessage-length=0 -fdiagnostics-show-note-include-stack -fmacro-backtrace-limit=0 -Wno-trigraphs -fpascal-strings -O0 -Wno-missing-field-initializers -Wno-missing-prototypes -Wno-return-type -Wno-missing-braces -Wparentheses -Wswitch -Wno-unused-function -Wno-unused-label -Wno-unused-parameter -Wno-unused-variable -Wunused-value -Wno-empty-body -Wno-uninitialized -Wno-unknown-pragmas -Wno-shadow -Wno-four-char-constants -Wno-conversion -Wno-constant-conversion -Wno-int-conversion -Wno-bool-conversion -Wno-enum-conversion -Wno-shorten-64-to-32 -Wpointer-sign -Wno-newline-eof -DCMAKE_INTDIR=\"Debug\" -isysroot /Applications/Xcode.app/Contents/Developer/Platforms/MacOSX.platform/Developer/SDKs/MacOSX10.11.sdk -fasm-blocks -fstrict-aliasing -Wdeprecated-declarations -mmacosx-version-min=10.11 -g -Wno-sign-conversion -I/Users/mclifton/Downloads/openal-soft-1.17.2/CMakeFiles/CMakeTmp/Debug/include -I/Users/mclifton/Downloads/openal-soft-1.17.2/CMakeFiles/CMakeTmp/CMAKE_TRY_COMPILE.build/Debug/cmTC_33628.build/DerivedSources/x86_64 -I/Users/mclifton/Downloads/openal-soft-1.17.2/CMakeFiles/CMakeTmp/CMAKE_TRY_COMPILE.build/Debug/cmTC_33628.build/DerivedSources -Wmost -Wno-four-char-constants -Wno-unknown-pragmas -F/Users/mclifton/Downloads/openal-soft-1.17.2/CMakeFiles/CMakeTmp/Debug -std=c11 -DHAVE_C11_ATOMIC -D_LARGEFILE_SOURCE -D_LARGE_FILES -MMD -MT dependencies -MF /Users/mclifton/Downloads/openal-soft-1.17.2/CMakeFiles/CMakeTmp/CMAKE_TRY_COMPILE.build/Debug/cmTC_33628.build/Objects-normal/x86_64/src.d --serialize-diagnostics /Users/mclifton/Downloads/openal-soft-1.17.2/CMakeFiles/CMakeTmp/CMAKE_TRY_COMPILE.build/Debug/cmTC_33628.build/Objects-normal/x86_64/src.dia -c /Users/mclifton/Downloads/openal-soft-1.17.2/CMakeFiles/CMakeTmp/src.c -o /Users/mclifton/Downloads/openal-soft-1.17.2/CMakeFiles/CMakeTmp/CMAKE_TRY_COMPILE.build/Debug/cmTC_33628.build/Objects-normal/x86_64/src.o
/Users/mclifton/Downloads/openal-soft-1.17.2/CMakeFiles/CMakeTmp/src.c:5:13: error: address argument to atomic operation must be a pointer to non-const _Atomic type ('const _Atomic(int) *' invalid)
     return atomic_load(&foo);
            ^           ~~~~
In file included from /Users/mclifton/Downloads/openal-soft-1.17.2/CMakeFiles/CMakeTmp/src.c:1:
/Applications/Xcode.app/Contents/Developer/Toolchains/XcodeDefault.xctoolchain/usr/bin/../lib/clang/7.0.0/include/stdatomic.h:134:29: note: expanded from macro 'atomic_load'
#define atomic_load(object) __c11_atomic_load(object, __ATOMIC_SEQ_CST)
                            ^
1 error generated.

** BUILD FAILED **


The following build commands failed:
	CompileC CMAKE_TRY_COMPILE.build/Debug/cmTC_33628.build/Objects-normal/x86_64/src.o src.c normal x86_64 c com.apple.compilers.llvm.clang.1_0.compiler
(1 failure)

Source file was:
#include <stdatomic.h>
 const int _Atomic foo = ATOMIC_VAR_INIT(~0);
 int main()
 {
     return atomic_load(&foo);
 }
Performing C SOURCE FILE Test HAVE_GCC_PROTECTED_VISIBILITY failed with the following output:
Change Dir: /Users/mclifton/Downloads/openal-soft-1.17.2/CMakeFiles/CMakeTmp

Run Build Command:"/usr/bin/xcodebuild" "-project" "CMAKE_TRY_COMPILE.xcodeproj" "build" "-target" "cmTC_53c7c" "-configuration" "Debug"
=== BUILD TARGET cmTC_53c7c OF PROJECT CMAKE_TRY_COMPILE WITH CONFIGURATION Debug ===

Check dependencies

Write auxiliary files
/bin/mkdir -p /Users/mclifton/Downloads/openal-soft-1.17.2/CMakeFiles/CMakeTmp/CMAKE_TRY_COMPILE.build/Debug/cmTC_53c7c.build/Objects-normal/x86_64
write-file /Users/mclifton/Downloads/openal-soft-1.17.2/CMakeFiles/CMakeTmp/CMAKE_TRY_COMPILE.build/Debug/cmTC_53c7c.build/Objects-normal/x86_64/cmTC_53c7c.LinkFileList

CompileC CMAKE_TRY_COMPILE.build/Debug/cmTC_53c7c.build/Objects-normal/x86_64/src.o src.c normal x86_64 c com.apple.compilers.llvm.clang.1_0.compiler
    cd /Users/mclifton/Downloads/openal-soft-1.17.2/CMakeFiles/CMakeTmp
    export LANG=en_US.US-ASCII
    /Applications/Xcode.app/Contents/Developer/Toolchains/XcodeDefault.xctoolchain/usr/bin/clang -x c -arch x86_64 -fmessage-length=0 -fdiagnostics-show-note-include-stack -fmacro-backtrace-limit=0 -Wno-trigraphs -fpascal-strings -O0 -Wno-missing-field-initializers -Wno-missing-prototypes -Wno-return-type -Wno-missing-braces -Wparentheses -Wswitch -Wno-unused-function -Wno-unused-label -Wno-unused-parameter -Wno-unused-variable -Wunused-value -Wno-empty-body -Wno-uninitialized -Wno-unknown-pragmas -Wno-shadow -Wno-four-char-constants -Wno-conversion -Wno-constant-conversion -Wno-int-conversion -Wno-bool-conversion -Wno-enum-conversion -Wno-shorten-64-to-32 -Wpointer-sign -Wno-newline-eof -DCMAKE_INTDIR=\"Debug\" -isysroot /Applications/Xcode.app/Contents/Developer/Platforms/MacOSX.platform/Developer/SDKs/MacOSX10.11.sdk -fasm-blocks -fstrict-aliasing -Wdeprecated-declarations -mmacosx-version-min=10.11 -g -Wno-sign-conversion -I/Users/mclifton/Downloads/openal-soft-1.17.2/CMakeFiles/CMakeTmp/Debug/include -I/Users/mclifton/Downloads/openal-soft-1.17.2/CMakeFiles/CMakeTmp/CMAKE_TRY_COMPILE.build/Debug/cmTC_53c7c.build/DerivedSources/x86_64 -I/Users/mclifton/Downloads/openal-soft-1.17.2/CMakeFiles/CMakeTmp/CMAKE_TRY_COMPILE.build/Debug/cmTC_53c7c.build/DerivedSources -Wmost -Wno-four-char-constants -Wno-unknown-pragmas -F/Users/mclifton/Downloads/openal-soft-1.17.2/CMakeFiles/CMakeTmp/Debug -std=c11 -DHAVE_GCC_PROTECTED_VISIBILITY -D_LARGEFILE_SOURCE -D_LARGE_FILES -Wattributes -Werror -MMD -MT dependencies -MF /Users/mclifton/Downloads/openal-soft-1.17.2/CMakeFiles/CMakeTmp/CMAKE_TRY_COMPILE.build/Debug/cmTC_53c7c.build/Objects-normal/x86_64/src.d --serialize-diagnostics /Users/mclifton/Downloads/openal-soft-1.17.2/CMakeFiles/CMakeTmp/CMAKE_TRY_COMPILE.build/Debug/cmTC_53c7c.build/Objects-normal/x86_64/src.dia -c /Users/mclifton/Downloads/openal-soft-1.17.2/CMakeFiles/CMakeTmp/src.c -o /Users/mclifton/Downloads/openal-soft-1.17.2/CMakeFiles/CMakeTmp/CMAKE_TRY_COMPILE.build/Debug/cmTC_53c7c.build/Objects-normal/x86_64/src.o
/Users/mclifton/Downloads/openal-soft-1.17.2/CMakeFiles/CMakeTmp/src.c:1:26: error: target does not support 'protected' visibility; using 'default' [-Werror,-Wunsupported-visibility]
int foo() __attribute__((visibility("protected")));
                         ^
1 error generated.

** BUILD FAILED **


The following build commands failed:
	CompileC CMAKE_TRY_COMPILE.build/Debug/cmTC_53c7c.build/Objects-normal/x86_64/src.o src.c normal x86_64 c com.apple.compilers.llvm.clang.1_0.compiler
(1 failure)

Source file was:
int foo() __attribute__((visibility("protected")));
                             int main() {return 0;}
Determining if the include file malloc.h exists failed with the following output:
Change Dir: /Users/mclifton/Downloads/openal-soft-1.17.2/CMakeFiles/CMakeTmp

Run Build Command:"/usr/bin/xcodebuild" "-project" "CMAKE_TRY_COMPILE.xcodeproj" "build" "-target" "cmTC_90429" "-configuration" "Debug"
=== BUILD TARGET cmTC_90429 OF PROJECT CMAKE_TRY_COMPILE WITH CONFIGURATION Debug ===

Check dependencies

Write auxiliary files
/bin/mkdir -p /Users/mclifton/Downloads/openal-soft-1.17.2/CMakeFiles/CMakeTmp/CMAKE_TRY_COMPILE.build/Debug/cmTC_90429.build/Objects-normal/x86_64
write-file /Users/mclifton/Downloads/openal-soft-1.17.2/CMakeFiles/CMakeTmp/CMAKE_TRY_COMPILE.build/Debug/cmTC_90429.build/Objects-normal/x86_64/cmTC_90429.LinkFileList

CompileC CMAKE_TRY_COMPILE.build/Debug/cmTC_90429.build/Objects-normal/x86_64/CheckIncludeFile.o CheckIncludeFile.c normal x86_64 c com.apple.compilers.llvm.clang.1_0.compiler
    cd /Users/mclifton/Downloads/openal-soft-1.17.2/CMakeFiles/CMakeTmp
    export LANG=en_US.US-ASCII
    /Applications/Xcode.app/Contents/Developer/Toolchains/XcodeDefault.xctoolchain/usr/bin/clang -x c -arch x86_64 -fmessage-length=0 -fdiagnostics-show-note-include-stack -fmacro-backtrace-limit=0 -Wno-trigraphs -fpascal-strings -O0 -Wno-missing-field-initializers -Wno-missing-prototypes -Wno-return-type -Wno-missing-braces -Wparentheses -Wswitch -Wno-unused-function -Wno-unused-label -Wno-unused-parameter -Wno-unused-variable -Wunused-value -Wno-empty-body -Wno-uninitialized -Wno-unknown-pragmas -Wno-shadow -Wno-four-char-constants -Wno-conversion -Wno-constant-conversion -Wno-int-conversion -Wno-bool-conversion -Wno-enum-conversion -Wno-shorten-64-to-32 -Wpointer-sign -Wno-newline-eof -DCMAKE_INTDIR=\"Debug\" -isysroot /Applications/Xcode.app/Contents/Developer/Platforms/MacOSX.platform/Developer/SDKs/MacOSX10.11.sdk -fasm-blocks -fstrict-aliasing -Wdeprecated-declarations -mmacosx-version-min=10.11 -g -Wno-sign-conversion -I/Users/mclifton/Downloads/openal-soft-1.17.2/CMakeFiles/CMakeTmp/Debug/include -I/Users/mclifton/Downloads/openal-soft-1.17.2/CMakeFiles/CMakeTmp/CMAKE_TRY_COMPILE.build/Debug/cmTC_90429.build/DerivedSources/x86_64 -I/Users/mclifton/Downloads/openal-soft-1.17.2/CMakeFiles/CMakeTmp/CMAKE_TRY_COMPILE.build/Debug/cmTC_90429.build/DerivedSources -Wmost -Wno-four-char-constants -Wno-unknown-pragmas -F/Users/mclifton/Downloads/openal-soft-1.17.2/CMakeFiles/CMakeTmp/Debug -std=c11 -D_LARGEFILE_SOURCE -D_LARGE_FILES -MMD -MT dependencies -MF /Users/mclifton/Downloads/openal-soft-1.17.2/CMakeFiles/CMakeTmp/CMAKE_TRY_COMPILE.build/Debug/cmTC_90429.build/Objects-normal/x86_64/CheckIncludeFile.d --serialize-diagnostics /Users/mclifton/Downloads/openal-soft-1.17.2/CMakeFiles/CMakeTmp/CMAKE_TRY_COMPILE.build/Debug/cmTC_90429.build/Objects-normal/x86_64/CheckIncludeFile.dia -c /Users/mclifton/Downloads/openal-soft-1.17.2/CMakeFiles/CMakeTmp/CheckIncludeFile.c -o /Users/mclifton/Downloads/openal-soft-1.17.2/CMakeFiles/CMakeTmp/CMAKE_TRY_COMPILE.build/Debug/cmTC_90429.build/Objects-normal/x86_64/CheckIncludeFile.o
/Users/mclifton/Downloads/openal-soft-1.17.2/CMakeFiles/CMakeTmp/CheckIncludeFile.c:1:10: fatal error: 'malloc.h' file not found
#include <malloc.h>
         ^
1 error generated.

** BUILD FAILED **


The following build commands failed:
	CompileC CMAKE_TRY_COMPILE.build/Debug/cmTC_90429.build/Objects-normal/x86_64/CheckIncludeFile.o CheckIncludeFile.c normal x86_64 c com.apple.compilers.llvm.clang.1_0.compiler
(1 failure)


Determining if the include file intrin.h exists failed with the following output:
Change Dir: /Users/mclifton/Downloads/openal-soft-1.17.2/CMakeFiles/CMakeTmp

Run Build Command:"/usr/bin/xcodebuild" "-project" "CMAKE_TRY_COMPILE.xcodeproj" "build" "-target" "cmTC_9d3dd" "-configuration" "Debug"
=== BUILD TARGET cmTC_9d3dd OF PROJECT CMAKE_TRY_COMPILE WITH CONFIGURATION Debug ===

Check dependencies

Write auxiliary files
/bin/mkdir -p /Users/mclifton/Downloads/openal-soft-1.17.2/CMakeFiles/CMakeTmp/CMAKE_TRY_COMPILE.build/Debug/cmTC_9d3dd.build/Objects-normal/x86_64
write-file /Users/mclifton/Downloads/openal-soft-1.17.2/CMakeFiles/CMakeTmp/CMAKE_TRY_COMPILE.build/Debug/cmTC_9d3dd.build/Objects-normal/x86_64/cmTC_9d3dd.LinkFileList

CompileC CMAKE_TRY_COMPILE.build/Debug/cmTC_9d3dd.build/Objects-normal/x86_64/CheckIncludeFile.o CheckIncludeFile.c normal x86_64 c com.apple.compilers.llvm.clang.1_0.compiler
    cd /Users/mclifton/Downloads/openal-soft-1.17.2/CMakeFiles/CMakeTmp
    export LANG=en_US.US-ASCII
    /Applications/Xcode.app/Contents/Developer/Toolchains/XcodeDefault.xctoolchain/usr/bin/clang -x c -arch x86_64 -fmessage-length=0 -fdiagnostics-show-note-include-stack -fmacro-backtrace-limit=0 -Wno-trigraphs -fpascal-strings -O0 -Wno-missing-field-initializers -Wno-missing-prototypes -Wno-return-type -Wno-missing-braces -Wparentheses -Wswitch -Wno-unused-function -Wno-unused-label -Wno-unused-parameter -Wno-unused-variable -Wunused-value -Wno-empty-body -Wno-uninitialized -Wno-unknown-pragmas -Wno-shadow -Wno-four-char-constants -Wno-conversion -Wno-constant-conversion -Wno-int-conversion -Wno-bool-conversion -Wno-enum-conversion -Wno-shorten-64-to-32 -Wpointer-sign -Wno-newline-eof -DCMAKE_INTDIR=\"Debug\" -isysroot /Applications/Xcode.app/Contents/Developer/Platforms/MacOSX.platform/Developer/SDKs/MacOSX10.11.sdk -fasm-blocks -fstrict-aliasing -Wdeprecated-declarations -mmacosx-version-min=10.11 -g -Wno-sign-conversion -I/Users/mclifton/Downloads/openal-soft-1.17.2/CMakeFiles/CMakeTmp/Debug/include -I/Users/mclifton/Downloads/openal-soft-1.17.2/CMakeFiles/CMakeTmp/CMAKE_TRY_COMPILE.build/Debug/cmTC_9d3dd.build/DerivedSources/x86_64 -I/Users/mclifton/Downloads/openal-soft-1.17.2/CMakeFiles/CMakeTmp/CMAKE_TRY_COMPILE.build/Debug/cmTC_9d3dd.build/DerivedSources -Wmost -Wno-four-char-constants -Wno-unknown-pragmas -F/Users/mclifton/Downloads/openal-soft-1.17.2/CMakeFiles/CMakeTmp/Debug -std=c11 -D_LARGEFILE_SOURCE -D_LARGE_FILES -MMD -MT dependencies -MF /Users/mclifton/Downloads/openal-soft-1.17.2/CMakeFiles/CMakeTmp/CMAKE_TRY_COMPILE.build/Debug/cmTC_9d3dd.build/Objects-normal/x86_64/CheckIncludeFile.d --serialize-diagnostics /Users/mclifton/Downloads/openal-soft-1.17.2/CMakeFiles/CMakeTmp/CMAKE_TRY_COMPILE.build/Debug/cmTC_9d3dd.build/Objects-normal/x86_64/CheckIncludeFile.dia -c /Users/mclifton/Downloads/openal-soft-1.17.2/CMakeFiles/CMakeTmp/CheckIncludeFile.c -o /Users/mclifton/Downloads/openal-soft-1.17.2/CMakeFiles/CMakeTmp/CMAKE_TRY_COMPILE.build/Debug/cmTC_9d3dd.build/Objects-normal/x86_64/CheckIncludeFile.o
In file included from /Users/mclifton/Downloads/openal-soft-1.17.2/CMakeFiles/CMakeTmp/CheckIncludeFile.c:1:
/Applications/Xcode.app/Contents/Developer/Toolchains/XcodeDefault.xctoolchain/usr/bin/../lib/clang/7.0.0/include/intrin.h:26:15: fatal error: 'Intrin.h' file not found
#include_next <Intrin.h>
              ^
1 error generated.

** BUILD FAILED **


The following build commands failed:
	CompileC CMAKE_TRY_COMPILE.build/Debug/cmTC_9d3dd.build/Objects-normal/x86_64/CheckIncludeFile.o CheckIncludeFile.c normal x86_64 c com.apple.compilers.llvm.clang.1_0.compiler
(1 failure)


Determining if the include file sys/sysconf.h exists failed with the following output:
Change Dir: /Users/mclifton/Downloads/openal-soft-1.17.2/CMakeFiles/CMakeTmp

Run Build Command:"/usr/bin/xcodebuild" "-project" "CMAKE_TRY_COMPILE.xcodeproj" "build" "-target" "cmTC_d938a" "-configuration" "Debug"
=== BUILD TARGET cmTC_d938a OF PROJECT CMAKE_TRY_COMPILE WITH CONFIGURATION Debug ===

Check dependencies

Write auxiliary files
/bin/mkdir -p /Users/mclifton/Downloads/openal-soft-1.17.2/CMakeFiles/CMakeTmp/CMAKE_TRY_COMPILE.build/Debug/cmTC_d938a.build/Objects-normal/x86_64
write-file /Users/mclifton/Downloads/openal-soft-1.17.2/CMakeFiles/CMakeTmp/CMAKE_TRY_COMPILE.build/Debug/cmTC_d938a.build/Objects-normal/x86_64/cmTC_d938a.LinkFileList

CompileC CMAKE_TRY_COMPILE.build/Debug/cmTC_d938a.build/Objects-normal/x86_64/CheckIncludeFile.o CheckIncludeFile.c normal x86_64 c com.apple.compilers.llvm.clang.1_0.compiler
    cd /Users/mclifton/Downloads/openal-soft-1.17.2/CMakeFiles/CMakeTmp
    export LANG=en_US.US-ASCII
    /Applications/Xcode.app/Contents/Developer/Toolchains/XcodeDefault.xctoolchain/usr/bin/clang -x c -arch x86_64 -fmessage-length=0 -fdiagnostics-show-note-include-stack -fmacro-backtrace-limit=0 -Wno-trigraphs -fpascal-strings -O0 -Wno-missing-field-initializers -Wno-missing-prototypes -Wno-return-type -Wno-missing-braces -Wparentheses -Wswitch -Wno-unused-function -Wno-unused-label -Wno-unused-parameter -Wno-unused-variable -Wunused-value -Wno-empty-body -Wno-uninitialized -Wno-unknown-pragmas -Wno-shadow -Wno-four-char-constants -Wno-conversion -Wno-constant-conversion -Wno-int-conversion -Wno-bool-conversion -Wno-enum-conversion -Wno-shorten-64-to-32 -Wpointer-sign -Wno-newline-eof -DCMAKE_INTDIR=\"Debug\" -isysroot /Applications/Xcode.app/Contents/Developer/Platforms/MacOSX.platform/Developer/SDKs/MacOSX10.11.sdk -fasm-blocks -fstrict-aliasing -Wdeprecated-declarations -mmacosx-version-min=10.11 -g -Wno-sign-conversion -I/Users/mclifton/Downloads/openal-soft-1.17.2/CMakeFiles/CMakeTmp/Debug/include -I/Users/mclifton/Downloads/openal-soft-1.17.2/CMakeFiles/CMakeTmp/CMAKE_TRY_COMPILE.build/Debug/cmTC_d938a.build/DerivedSources/x86_64 -I/Users/mclifton/Downloads/openal-soft-1.17.2/CMakeFiles/CMakeTmp/CMAKE_TRY_COMPILE.build/Debug/cmTC_d938a.build/DerivedSources -Wmost -Wno-four-char-constants -Wno-unknown-pragmas -F/Users/mclifton/Downloads/openal-soft-1.17.2/CMakeFiles/CMakeTmp/Debug -std=c11 -D_LARGEFILE_SOURCE -D_LARGE_FILES -MMD -MT dependencies -MF /Users/mclifton/Downloads/openal-soft-1.17.2/CMakeFiles/CMakeTmp/CMAKE_TRY_COMPILE.build/Debug/cmTC_d938a.build/Objects-normal/x86_64/CheckIncludeFile.d --serialize-diagnostics /Users/mclifton/Downloads/openal-soft-1.17.2/CMakeFiles/CMakeTmp/CMAKE_TRY_COMPILE.build/Debug/cmTC_d938a.build/Objects-normal/x86_64/CheckIncludeFile.dia -c /Users/mclifton/Downloads/openal-soft-1.17.2/CMakeFiles/CMakeTmp/CheckIncludeFile.c -o /Users/mclifton/Downloads/openal-soft-1.17.2/CMakeFiles/CMakeTmp/CMAKE_TRY_COMPILE.build/Debug/cmTC_d938a.build/Objects-normal/x86_64/CheckIncludeFile.o
/Users/mclifton/Downloads/openal-soft-1.17.2/CMakeFiles/CMakeTmp/CheckIncludeFile.c:1:10: fatal error: 'sys/sysconf.h' file not found
#include <sys/sysconf.h>
         ^
1 error generated.

** BUILD FAILED **


The following build commands failed:
	CompileC CMAKE_TRY_COMPILE.build/Debug/cmTC_d938a.build/Objects-normal/x86_64/CheckIncludeFile.o CheckIncludeFile.c normal x86_64 c com.apple.compilers.llvm.clang.1_0.compiler
(1 failure)


Determining if the include file ieeefp.h exists failed with the following output:
Change Dir: /Users/mclifton/Downloads/openal-soft-1.17.2/CMakeFiles/CMakeTmp

Run Build Command:"/usr/bin/xcodebuild" "-project" "CMAKE_TRY_COMPILE.xcodeproj" "build" "-target" "cmTC_885ea" "-configuration" "Debug"
=== BUILD TARGET cmTC_885ea OF PROJECT CMAKE_TRY_COMPILE WITH CONFIGURATION Debug ===

Check dependencies

Write auxiliary files
/bin/mkdir -p /Users/mclifton/Downloads/openal-soft-1.17.2/CMakeFiles/CMakeTmp/CMAKE_TRY_COMPILE.build/Debug/cmTC_885ea.build/Objects-normal/x86_64
write-file /Users/mclifton/Downloads/openal-soft-1.17.2/CMakeFiles/CMakeTmp/CMAKE_TRY_COMPILE.build/Debug/cmTC_885ea.build/Objects-normal/x86_64/cmTC_885ea.LinkFileList

CompileC CMAKE_TRY_COMPILE.build/Debug/cmTC_885ea.build/Objects-normal/x86_64/CheckIncludeFile.o CheckIncludeFile.c normal x86_64 c com.apple.compilers.llvm.clang.1_0.compiler
    cd /Users/mclifton/Downloads/openal-soft-1.17.2/CMakeFiles/CMakeTmp
    export LANG=en_US.US-ASCII
    /Applications/Xcode.app/Contents/Developer/Toolchains/XcodeDefault.xctoolchain/usr/bin/clang -x c -arch x86_64 -fmessage-length=0 -fdiagnostics-show-note-include-stack -fmacro-backtrace-limit=0 -Wno-trigraphs -fpascal-strings -O0 -Wno-missing-field-initializers -Wno-missing-prototypes -Wno-return-type -Wno-missing-braces -Wparentheses -Wswitch -Wno-unused-function -Wno-unused-label -Wno-unused-parameter -Wno-unused-variable -Wunused-value -Wno-empty-body -Wno-uninitialized -Wno-unknown-pragmas -Wno-shadow -Wno-four-char-constants -Wno-conversion -Wno-constant-conversion -Wno-int-conversion -Wno-bool-conversion -Wno-enum-conversion -Wno-shorten-64-to-32 -Wpointer-sign -Wno-newline-eof -DCMAKE_INTDIR=\"Debug\" -isysroot /Applications/Xcode.app/Contents/Developer/Platforms/MacOSX.platform/Developer/SDKs/MacOSX10.11.sdk -fasm-blocks -fstrict-aliasing -Wdeprecated-declarations -mmacosx-version-min=10.11 -g -Wno-sign-conversion -I/Users/mclifton/Downloads/openal-soft-1.17.2/CMakeFiles/CMakeTmp/Debug/include -I/Users/mclifton/Downloads/openal-soft-1.17.2/CMakeFiles/CMakeTmp/CMAKE_TRY_COMPILE.build/Debug/cmTC_885ea.build/DerivedSources/x86_64 -I/Users/mclifton/Downloads/openal-soft-1.17.2/CMakeFiles/CMakeTmp/CMAKE_TRY_COMPILE.build/Debug/cmTC_885ea.build/DerivedSources -Wmost -Wno-four-char-constants -Wno-unknown-pragmas -F/Users/mclifton/Downloads/openal-soft-1.17.2/CMakeFiles/CMakeTmp/Debug -std=c11 -D_LARGEFILE_SOURCE -D_LARGE_FILES -MMD -MT dependencies -MF /Users/mclifton/Downloads/openal-soft-1.17.2/CMakeFiles/CMakeTmp/CMAKE_TRY_COMPILE.build/Debug/cmTC_885ea.build/Objects-normal/x86_64/CheckIncludeFile.d --serialize-diagnostics /Users/mclifton/Downloads/openal-soft-1.17.2/CMakeFiles/CMakeTmp/CMAKE_TRY_COMPILE.build/Debug/cmTC_885ea.build/Objects-normal/x86_64/CheckIncludeFile.dia -c /Users/mclifton/Downloads/openal-soft-1.17.2/CMakeFiles/CMakeTmp/CheckIncludeFile.c -o /Users/mclifton/Downloads/openal-soft-1.17.2/CMakeFiles/CMakeTmp/CMAKE_TRY_COMPILE.build/Debug/cmTC_885ea.build/Objects-normal/x86_64/CheckIncludeFile.o
/Users/mclifton/Downloads/openal-soft-1.17.2/CMakeFiles/CMakeTmp/CheckIncludeFile.c:1:10: fatal error: 'ieeefp.h' file not found
#include <ieeefp.h>
         ^
1 error generated.

** BUILD FAILED **


The following build commands failed:
	CompileC CMAKE_TRY_COMPILE.build/Debug/cmTC_885ea.build/Objects-normal/x86_64/CheckIncludeFile.o CheckIncludeFile.c normal x86_64 c com.apple.compilers.llvm.clang.1_0.compiler
(1 failure)


Determining if the include file guiddef.h exists failed with the following output:
Change Dir: /Users/mclifton/Downloads/openal-soft-1.17.2/CMakeFiles/CMakeTmp

Run Build Command:"/usr/bin/xcodebuild" "-project" "CMAKE_TRY_COMPILE.xcodeproj" "build" "-target" "cmTC_307ad" "-configuration" "Debug"
=== BUILD TARGET cmTC_307ad OF PROJECT CMAKE_TRY_COMPILE WITH CONFIGURATION Debug ===

Check dependencies

Write auxiliary files
/bin/mkdir -p /Users/mclifton/Downloads/openal-soft-1.17.2/CMakeFiles/CMakeTmp/CMAKE_TRY_COMPILE.build/Debug/cmTC_307ad.build/Objects-normal/x86_64
write-file /Users/mclifton/Downloads/openal-soft-1.17.2/CMakeFiles/CMakeTmp/CMAKE_TRY_COMPILE.build/Debug/cmTC_307ad.build/Objects-normal/x86_64/cmTC_307ad.LinkFileList

CompileC CMAKE_TRY_COMPILE.build/Debug/cmTC_307ad.build/Objects-normal/x86_64/CheckIncludeFile.o CheckIncludeFile.c normal x86_64 c com.apple.compilers.llvm.clang.1_0.compiler
    cd /Users/mclifton/Downloads/openal-soft-1.17.2/CMakeFiles/CMakeTmp
    export LANG=en_US.US-ASCII
    /Applications/Xcode.app/Contents/Developer/Toolchains/XcodeDefault.xctoolchain/usr/bin/clang -x c -arch x86_64 -fmessage-length=0 -fdiagnostics-show-note-include-stack -fmacro-backtrace-limit=0 -Wno-trigraphs -fpascal-strings -O0 -Wno-missing-field-initializers -Wno-missing-prototypes -Wno-return-type -Wno-missing-braces -Wparentheses -Wswitch -Wno-unused-function -Wno-unused-label -Wno-unused-parameter -Wno-unused-variable -Wunused-value -Wno-empty-body -Wno-uninitialized -Wno-unknown-pragmas -Wno-shadow -Wno-four-char-constants -Wno-conversion -Wno-constant-conversion -Wno-int-conversion -Wno-bool-conversion -Wno-enum-conversion -Wno-shorten-64-to-32 -Wpointer-sign -Wno-newline-eof -DCMAKE_INTDIR=\"Debug\" -isysroot /Applications/Xcode.app/Contents/Developer/Platforms/MacOSX.platform/Developer/SDKs/MacOSX10.11.sdk -fasm-blocks -fstrict-aliasing -Wdeprecated-declarations -mmacosx-version-min=10.11 -g -Wno-sign-conversion -I/Users/mclifton/Downloads/openal-soft-1.17.2/CMakeFiles/CMakeTmp/Debug/include -I/Users/mclifton/Downloads/openal-soft-1.17.2/CMakeFiles/CMakeTmp/CMAKE_TRY_COMPILE.build/Debug/cmTC_307ad.build/DerivedSources/x86_64 -I/Users/mclifton/Downloads/openal-soft-1.17.2/CMakeFiles/CMakeTmp/CMAKE_TRY_COMPILE.build/Debug/cmTC_307ad.build/DerivedSources -Wmost -Wno-four-char-constants -Wno-unknown-pragmas -F/Users/mclifton/Downloads/openal-soft-1.17.2/CMakeFiles/CMakeTmp/Debug -std=c11 -D_LARGEFILE_SOURCE -D_LARGE_FILES -MMD -MT dependencies -MF /Users/mclifton/Downloads/openal-soft-1.17.2/CMakeFiles/CMakeTmp/CMAKE_TRY_COMPILE.build/Debug/cmTC_307ad.build/Objects-normal/x86_64/CheckIncludeFile.d --serialize-diagnostics /Users/mclifton/Downloads/openal-soft-1.17.2/CMakeFiles/CMakeTmp/CMAKE_TRY_COMPILE.build/Debug/cmTC_307ad.build/Objects-normal/x86_64/CheckIncludeFile.dia -c /Users/mclifton/Downloads/openal-soft-1.17.2/CMakeFiles/CMakeTmp/CheckIncludeFile.c -o /Users/mclifton/Downloads/openal-soft-1.17.2/CMakeFiles/CMakeTmp/CMAKE_TRY_COMPILE.build/Debug/cmTC_307ad.build/Objects-normal/x86_64/CheckIncludeFile.o
/Users/mclifton/Downloads/openal-soft-1.17.2/CMakeFiles/CMakeTmp/CheckIncludeFile.c:1:10: fatal error: 'guiddef.h' file not found
#include <guiddef.h>
         ^
1 error generated.

** BUILD FAILED **


The following build commands failed:
	CompileC CMAKE_TRY_COMPILE.build/Debug/cmTC_307ad.build/Objects-normal/x86_64/CheckIncludeFile.o CheckIncludeFile.c normal x86_64 c com.apple.compilers.llvm.clang.1_0.compiler
(1 failure)


Determining if the include file initguid.h exists failed with the following output:
Change Dir: /Users/mclifton/Downloads/openal-soft-1.17.2/CMakeFiles/CMakeTmp

Run Build Command:"/usr/bin/xcodebuild" "-project" "CMAKE_TRY_COMPILE.xcodeproj" "build" "-target" "cmTC_2182a" "-configuration" "Debug"
=== BUILD TARGET cmTC_2182a OF PROJECT CMAKE_TRY_COMPILE WITH CONFIGURATION Debug ===

Check dependencies

Write auxiliary files
/bin/mkdir -p /Users/mclifton/Downloads/openal-soft-1.17.2/CMakeFiles/CMakeTmp/CMAKE_TRY_COMPILE.build/Debug/cmTC_2182a.build/Objects-normal/x86_64
write-file /Users/mclifton/Downloads/openal-soft-1.17.2/CMakeFiles/CMakeTmp/CMAKE_TRY_COMPILE.build/Debug/cmTC_2182a.build/Objects-normal/x86_64/cmTC_2182a.LinkFileList

CompileC CMAKE_TRY_COMPILE.build/Debug/cmTC_2182a.build/Objects-normal/x86_64/CheckIncludeFile.o CheckIncludeFile.c normal x86_64 c com.apple.compilers.llvm.clang.1_0.compiler
    cd /Users/mclifton/Downloads/openal-soft-1.17.2/CMakeFiles/CMakeTmp
    export LANG=en_US.US-ASCII
    /Applications/Xcode.app/Contents/Developer/Toolchains/XcodeDefault.xctoolchain/usr/bin/clang -x c -arch x86_64 -fmessage-length=0 -fdiagnostics-show-note-include-stack -fmacro-backtrace-limit=0 -Wno-trigraphs -fpascal-strings -O0 -Wno-missing-field-initializers -Wno-missing-prototypes -Wno-return-type -Wno-missing-braces -Wparentheses -Wswitch -Wno-unused-function -Wno-unused-label -Wno-unused-parameter -Wno-unused-variable -Wunused-value -Wno-empty-body -Wno-uninitialized -Wno-unknown-pragmas -Wno-shadow -Wno-four-char-constants -Wno-conversion -Wno-constant-conversion -Wno-int-conversion -Wno-bool-conversion -Wno-enum-conversion -Wno-shorten-64-to-32 -Wpointer-sign -Wno-newline-eof -DCMAKE_INTDIR=\"Debug\" -isysroot /Applications/Xcode.app/Contents/Developer/Platforms/MacOSX.platform/Developer/SDKs/MacOSX10.11.sdk -fasm-blocks -fstrict-aliasing -Wdeprecated-declarations -mmacosx-version-min=10.11 -g -Wno-sign-conversion -I/Users/mclifton/Downloads/openal-soft-1.17.2/CMakeFiles/CMakeTmp/Debug/include -I/Users/mclifton/Downloads/openal-soft-1.17.2/CMakeFiles/CMakeTmp/CMAKE_TRY_COMPILE.build/Debug/cmTC_2182a.build/DerivedSources/x86_64 -I/Users/mclifton/Downloads/openal-soft-1.17.2/CMakeFiles/CMakeTmp/CMAKE_TRY_COMPILE.build/Debug/cmTC_2182a.build/DerivedSources -Wmost -Wno-four-char-constants -Wno-unknown-pragmas -F/Users/mclifton/Downloads/openal-soft-1.17.2/CMakeFiles/CMakeTmp/Debug -std=c11 -D_LARGEFILE_SOURCE -D_LARGE_FILES -MMD -MT dependencies -MF /Users/mclifton/Downloads/openal-soft-1.17.2/CMakeFiles/CMakeTmp/CMAKE_TRY_COMPILE.build/Debug/cmTC_2182a.build/Objects-normal/x86_64/CheckIncludeFile.d --serialize-diagnostics /Users/mclifton/Downloads/openal-soft-1.17.2/CMakeFiles/CMakeTmp/CMAKE_TRY_COMPILE.build/Debug/cmTC_2182a.build/Objects-normal/x86_64/CheckIncludeFile.dia -c /Users/mclifton/Downloads/openal-soft-1.17.2/CMakeFiles/CMakeTmp/CheckIncludeFile.c -o /Users/mclifton/Downloads/openal-soft-1.17.2/CMakeFiles/CMakeTmp/CMAKE_TRY_COMPILE.build/Debug/cmTC_2182a.build/Objects-normal/x86_64/CheckIncludeFile.o
/Users/mclifton/Downloads/openal-soft-1.17.2/CMakeFiles/CMakeTmp/CheckIncludeFile.c:1:10: fatal error: 'initguid.h' file not found
#include <initguid.h>
         ^
1 error generated.

** BUILD FAILED **


The following build commands failed:
	CompileC CMAKE_TRY_COMPILE.build/Debug/cmTC_2182a.build/Objects-normal/x86_64/CheckIncludeFile.o CheckIncludeFile.c normal x86_64 c com.apple.compilers.llvm.clang.1_0.compiler
(1 failure)


Determining if the aligned_alloc exist failed with the following output:
Change Dir: /Users/mclifton/Downloads/openal-soft-1.17.2/CMakeFiles/CMakeTmp

Run Build Command:"/usr/bin/xcodebuild" "-project" "CMAKE_TRY_COMPILE.xcodeproj" "build" "-target" "cmTC_5f267" "-configuration" "Debug"
=== BUILD TARGET cmTC_5f267 OF PROJECT CMAKE_TRY_COMPILE WITH CONFIGURATION Debug ===

Check dependencies

Write auxiliary files
/bin/mkdir -p /Users/mclifton/Downloads/openal-soft-1.17.2/CMakeFiles/CMakeTmp/CMAKE_TRY_COMPILE.build/Debug/cmTC_5f267.build/Objects-normal/x86_64
write-file /Users/mclifton/Downloads/openal-soft-1.17.2/CMakeFiles/CMakeTmp/CMAKE_TRY_COMPILE.build/Debug/cmTC_5f267.build/Objects-normal/x86_64/cmTC_5f267.LinkFileList

CompileC CMAKE_TRY_COMPILE.build/Debug/cmTC_5f267.build/Objects-normal/x86_64/CheckSymbolExists.o CheckSymbolExists.c normal x86_64 c com.apple.compilers.llvm.clang.1_0.compiler
    cd /Users/mclifton/Downloads/openal-soft-1.17.2/CMakeFiles/CMakeTmp
    export LANG=en_US.US-ASCII
    /Applications/Xcode.app/Contents/Developer/Toolchains/XcodeDefault.xctoolchain/usr/bin/clang -x c -arch x86_64 -fmessage-length=0 -fdiagnostics-show-note-include-stack -fmacro-backtrace-limit=0 -Wno-trigraphs -fpascal-strings -O0 -Wno-missing-field-initializers -Wno-missing-prototypes -Wno-return-type -Wno-missing-braces -Wparentheses -Wswitch -Wno-unused-function -Wno-unused-label -Wno-unused-parameter -Wno-unused-variable -Wunused-value -Wno-empty-body -Wno-uninitialized -Wno-unknown-pragmas -Wno-shadow -Wno-four-char-constants -Wno-conversion -Wno-constant-conversion -Wno-int-conversion -Wno-bool-conversion -Wno-enum-conversion -Wno-shorten-64-to-32 -Wpointer-sign -Wno-newline-eof -DCMAKE_INTDIR=\"Debug\" -isysroot /Applications/Xcode.app/Contents/Developer/Platforms/MacOSX.platform/Developer/SDKs/MacOSX10.11.sdk -fasm-blocks -fstrict-aliasing -Wdeprecated-declarations -mmacosx-version-min=10.11 -g -Wno-sign-conversion -I/Users/mclifton/Downloads/openal-soft-1.17.2/CMakeFiles/CMakeTmp/Debug/include -I/Users/mclifton/Downloads/openal-soft-1.17.2/CMakeFiles/CMakeTmp/CMAKE_TRY_COMPILE.build/Debug/cmTC_5f267.build/DerivedSources/x86_64 -I/Users/mclifton/Downloads/openal-soft-1.17.2/CMakeFiles/CMakeTmp/CMAKE_TRY_COMPILE.build/Debug/cmTC_5f267.build/DerivedSources -Wmost -Wno-four-char-constants -Wno-unknown-pragmas -F/Users/mclifton/Downloads/openal-soft-1.17.2/CMakeFiles/CMakeTmp/Debug -std=c11 -D_LARGEFILE_SOURCE -D_LARGE_FILES -MMD -MT dependencies -MF /Users/mclifton/Downloads/openal-soft-1.17.2/CMakeFiles/CMakeTmp/CMAKE_TRY_COMPILE.build/Debug/cmTC_5f267.build/Objects-normal/x86_64/CheckSymbolExists.d --serialize-diagnostics /Users/mclifton/Downloads/openal-soft-1.17.2/CMakeFiles/CMakeTmp/CMAKE_TRY_COMPILE.build/Debug/cmTC_5f267.build/Objects-normal/x86_64/CheckSymbolExists.dia -c /Users/mclifton/Downloads/openal-soft-1.17.2/CMakeFiles/CMakeTmp/CheckSymbolExists.c -o /Users/mclifton/Downloads/openal-soft-1.17.2/CMakeFiles/CMakeTmp/CMAKE_TRY_COMPILE.build/Debug/cmTC_5f267.build/Objects-normal/x86_64/CheckSymbolExists.o
/Users/mclifton/Downloads/openal-soft-1.17.2/CMakeFiles/CMakeTmp/CheckSymbolExists.c:8:19: error: use of undeclared identifier 'aligned_alloc'
  return ((int*)(&aligned_alloc))[argc];
                  ^
1 error generated.

** BUILD FAILED **


The following build commands failed:
	CompileC CMAKE_TRY_COMPILE.build/Debug/cmTC_5f267.build/Objects-normal/x86_64/CheckSymbolExists.o CheckSymbolExists.c normal x86_64 c com.apple.compilers.llvm.clang.1_0.compiler
(1 failure)

File /Users/mclifton/Downloads/openal-soft-1.17.2/CMakeFiles/CMakeTmp/CheckSymbolExists.c:
/* */
#include <stdlib.h>

int main(int argc, char** argv)
{
  (void)argv;
#ifndef aligned_alloc
  return ((int*)(&aligned_alloc))[argc];
#else
  (void)argc;
  return 0;
#endif
}

Determining if the _aligned_malloc exist failed with the following output:
Change Dir: /Users/mclifton/Downloads/openal-soft-1.17.2/CMakeFiles/CMakeTmp

Run Build Command:"/usr/bin/xcodebuild" "-project" "CMAKE_TRY_COMPILE.xcodeproj" "build" "-target" "cmTC_7d650" "-configuration" "Debug"
=== BUILD TARGET cmTC_7d650 OF PROJECT CMAKE_TRY_COMPILE WITH CONFIGURATION Debug ===

Check dependencies

Write auxiliary files
/bin/mkdir -p /Users/mclifton/Downloads/openal-soft-1.17.2/CMakeFiles/CMakeTmp/CMAKE_TRY_COMPILE.build/Debug/cmTC_7d650.build/Objects-normal/x86_64
write-file /Users/mclifton/Downloads/openal-soft-1.17.2/CMakeFiles/CMakeTmp/CMAKE_TRY_COMPILE.build/Debug/cmTC_7d650.build/Objects-normal/x86_64/cmTC_7d650.LinkFileList

CompileC CMAKE_TRY_COMPILE.build/Debug/cmTC_7d650.build/Objects-normal/x86_64/CheckSymbolExists.o CheckSymbolExists.c normal x86_64 c com.apple.compilers.llvm.clang.1_0.compiler
    cd /Users/mclifton/Downloads/openal-soft-1.17.2/CMakeFiles/CMakeTmp
    export LANG=en_US.US-ASCII
    /Applications/Xcode.app/Contents/Developer/Toolchains/XcodeDefault.xctoolchain/usr/bin/clang -x c -arch x86_64 -fmessage-length=0 -fdiagnostics-show-note-include-stack -fmacro-backtrace-limit=0 -Wno-trigraphs -fpascal-strings -O0 -Wno-missing-field-initializers -Wno-missing-prototypes -Wno-return-type -Wno-missing-braces -Wparentheses -Wswitch -Wno-unused-function -Wno-unused-label -Wno-unused-parameter -Wno-unused-variable -Wunused-value -Wno-empty-body -Wno-uninitialized -Wno-unknown-pragmas -Wno-shadow -Wno-four-char-constants -Wno-conversion -Wno-constant-conversion -Wno-int-conversion -Wno-bool-conversion -Wno-enum-conversion -Wno-shorten-64-to-32 -Wpointer-sign -Wno-newline-eof -DCMAKE_INTDIR=\"Debug\" -isysroot /Applications/Xcode.app/Contents/Developer/Platforms/MacOSX.platform/Developer/SDKs/MacOSX10.11.sdk -fasm-blocks -fstrict-aliasing -Wdeprecated-declarations -mmacosx-version-min=10.11 -g -Wno-sign-conversion -I/Users/mclifton/Downloads/openal-soft-1.17.2/CMakeFiles/CMakeTmp/Debug/include -I/Users/mclifton/Downloads/openal-soft-1.17.2/CMakeFiles/CMakeTmp/CMAKE_TRY_COMPILE.build/Debug/cmTC_7d650.build/DerivedSources/x86_64 -I/Users/mclifton/Downloads/openal-soft-1.17.2/CMakeFiles/CMakeTmp/CMAKE_TRY_COMPILE.build/Debug/cmTC_7d650.build/DerivedSources -Wmost -Wno-four-char-constants -Wno-unknown-pragmas -F/Users/mclifton/Downloads/openal-soft-1.17.2/CMakeFiles/CMakeTmp/Debug -std=c11 -D_LARGEFILE_SOURCE -D_LARGE_FILES -MMD -MT dependencies -MF /Users/mclifton/Downloads/openal-soft-1.17.2/CMakeFiles/CMakeTmp/CMAKE_TRY_COMPILE.build/Debug/cmTC_7d650.build/Objects-normal/x86_64/CheckSymbolExists.d --serialize-diagnostics /Users/mclifton/Downloads/openal-soft-1.17.2/CMakeFiles/CMakeTmp/CMAKE_TRY_COMPILE.build/Debug/cmTC_7d650.build/Objects-normal/x86_64/CheckSymbolExists.dia -c /Users/mclifton/Downloads/openal-soft-1.17.2/CMakeFiles/CMakeTmp/CheckSymbolExists.c -o /Users/mclifton/Downloads/openal-soft-1.17.2/CMakeFiles/CMakeTmp/CMAKE_TRY_COMPILE.build/Debug/cmTC_7d650.build/Objects-normal/x86_64/CheckSymbolExists.o
/Users/mclifton/Downloads/openal-soft-1.17.2/CMakeFiles/CMakeTmp/CheckSymbolExists.c:2:10: fatal error: 'malloc.h' file not found
#include <malloc.h>
         ^
1 error generated.

** BUILD FAILED **


The following build commands failed:
	CompileC CMAKE_TRY_COMPILE.build/Debug/cmTC_7d650.build/Objects-normal/x86_64/CheckSymbolExists.o CheckSymbolExists.c normal x86_64 c com.apple.compilers.llvm.clang.1_0.compiler
(1 failure)

File /Users/mclifton/Downloads/openal-soft-1.17.2/CMakeFiles/CMakeTmp/CheckSymbolExists.c:
/* */
#include <malloc.h>

int main(int argc, char** argv)
{
  (void)argv;
#ifndef _aligned_malloc
  return ((int*)(&_aligned_malloc))[argc];
#else
  (void)argc;
  return 0;
#endif
}

Determining if the _controlfp exist failed with the following output:
Change Dir: /Users/mclifton/Downloads/openal-soft-1.17.2/CMakeFiles/CMakeTmp

Run Build Command:"/usr/bin/xcodebuild" "-project" "CMAKE_TRY_COMPILE.xcodeproj" "build" "-target" "cmTC_3eff1" "-configuration" "Debug"
=== BUILD TARGET cmTC_3eff1 OF PROJECT CMAKE_TRY_COMPILE WITH CONFIGURATION Debug ===

Check dependencies

Write auxiliary files
/bin/mkdir -p /Users/mclifton/Downloads/openal-soft-1.17.2/CMakeFiles/CMakeTmp/CMAKE_TRY_COMPILE.build/Debug/cmTC_3eff1.build/Objects-normal/x86_64
write-file /Users/mclifton/Downloads/openal-soft-1.17.2/CMakeFiles/CMakeTmp/CMAKE_TRY_COMPILE.build/Debug/cmTC_3eff1.build/Objects-normal/x86_64/cmTC_3eff1.LinkFileList

CompileC CMAKE_TRY_COMPILE.build/Debug/cmTC_3eff1.build/Objects-normal/x86_64/CheckSymbolExists.o CheckSymbolExists.c normal x86_64 c com.apple.compilers.llvm.clang.1_0.compiler
    cd /Users/mclifton/Downloads/openal-soft-1.17.2/CMakeFiles/CMakeTmp
    export LANG=en_US.US-ASCII
    /Applications/Xcode.app/Contents/Developer/Toolchains/XcodeDefault.xctoolchain/usr/bin/clang -x c -arch x86_64 -fmessage-length=0 -fdiagnostics-show-note-include-stack -fmacro-backtrace-limit=0 -Wno-trigraphs -fpascal-strings -O0 -Wno-missing-field-initializers -Wno-missing-prototypes -Wno-return-type -Wno-missing-braces -Wparentheses -Wswitch -Wno-unused-function -Wno-unused-label -Wno-unused-parameter -Wno-unused-variable -Wunused-value -Wno-empty-body -Wno-uninitialized -Wno-unknown-pragmas -Wno-shadow -Wno-four-char-constants -Wno-conversion -Wno-constant-conversion -Wno-int-conversion -Wno-bool-conversion -Wno-enum-conversion -Wno-shorten-64-to-32 -Wpointer-sign -Wno-newline-eof -DCMAKE_INTDIR=\"Debug\" -isysroot /Applications/Xcode.app/Contents/Developer/Platforms/MacOSX.platform/Developer/SDKs/MacOSX10.11.sdk -fasm-blocks -fstrict-aliasing -Wdeprecated-declarations -mmacosx-version-min=10.11 -g -Wno-sign-conversion -I/Users/mclifton/Downloads/openal-soft-1.17.2/CMakeFiles/CMakeTmp/Debug/include -I/Users/mclifton/Downloads/openal-soft-1.17.2/CMakeFiles/CMakeTmp/CMAKE_TRY_COMPILE.build/Debug/cmTC_3eff1.build/DerivedSources/x86_64 -I/Users/mclifton/Downloads/openal-soft-1.17.2/CMakeFiles/CMakeTmp/CMAKE_TRY_COMPILE.build/Debug/cmTC_3eff1.build/DerivedSources -Wmost -Wno-four-char-constants -Wno-unknown-pragmas -F/Users/mclifton/Downloads/openal-soft-1.17.2/CMakeFiles/CMakeTmp/Debug -std=c11 -D_LARGEFILE_SOURCE -D_LARGE_FILES -MMD -MT dependencies -MF /Users/mclifton/Downloads/openal-soft-1.17.2/CMakeFiles/CMakeTmp/CMAKE_TRY_COMPILE.build/Debug/cmTC_3eff1.build/Objects-normal/x86_64/CheckSymbolExists.d --serialize-diagnostics /Users/mclifton/Downloads/openal-soft-1.17.2/CMakeFiles/CMakeTmp/CMAKE_TRY_COMPILE.build/Debug/cmTC_3eff1.build/Objects-normal/x86_64/CheckSymbolExists.dia -c /Users/mclifton/Downloads/openal-soft-1.17.2/CMakeFiles/CMakeTmp/CheckSymbolExists.c -o /Users/mclifton/Downloads/openal-soft-1.17.2/CMakeFiles/CMakeTmp/CMAKE_TRY_COMPILE.build/Debug/cmTC_3eff1.build/Objects-normal/x86_64/CheckSymbolExists.o
/Users/mclifton/Downloads/openal-soft-1.17.2/CMakeFiles/CMakeTmp/CheckSymbolExists.c:8:19: error: use of undeclared identifier '_controlfp'
  return ((int*)(&_controlfp))[argc];
                  ^
1 error generated.

** BUILD FAILED **


The following build commands failed:
	CompileC CMAKE_TRY_COMPILE.build/Debug/cmTC_3eff1.build/Objects-normal/x86_64/CheckSymbolExists.o CheckSymbolExists.c normal x86_64 c com.apple.compilers.llvm.clang.1_0.compiler
(1 failure)

File /Users/mclifton/Downloads/openal-soft-1.17.2/CMakeFiles/CMakeTmp/CheckSymbolExists.c:
/* */
#include <float.h>

int main(int argc, char** argv)
{
  (void)argv;
#ifndef _controlfp
  return ((int*)(&_controlfp))[argc];
#else
  (void)argc;
  return 0;
#endif
}

Determining if the __control87_2 exist failed with the following output:
Change Dir: /Users/mclifton/Downloads/openal-soft-1.17.2/CMakeFiles/CMakeTmp

Run Build Command:"/usr/bin/xcodebuild" "-project" "CMAKE_TRY_COMPILE.xcodeproj" "build" "-target" "cmTC_439fe" "-configuration" "Debug"
=== BUILD TARGET cmTC_439fe OF PROJECT CMAKE_TRY_COMPILE WITH CONFIGURATION Debug ===

Check dependencies

Write auxiliary files
/bin/mkdir -p /Users/mclifton/Downloads/openal-soft-1.17.2/CMakeFiles/CMakeTmp/CMAKE_TRY_COMPILE.build/Debug/cmTC_439fe.build/Objects-normal/x86_64
write-file /Users/mclifton/Downloads/openal-soft-1.17.2/CMakeFiles/CMakeTmp/CMAKE_TRY_COMPILE.build/Debug/cmTC_439fe.build/Objects-normal/x86_64/cmTC_439fe.LinkFileList

CompileC CMAKE_TRY_COMPILE.build/Debug/cmTC_439fe.build/Objects-normal/x86_64/CheckSymbolExists.o CheckSymbolExists.c normal x86_64 c com.apple.compilers.llvm.clang.1_0.compiler
    cd /Users/mclifton/Downloads/openal-soft-1.17.2/CMakeFiles/CMakeTmp
    export LANG=en_US.US-ASCII
    /Applications/Xcode.app/Contents/Developer/Toolchains/XcodeDefault.xctoolchain/usr/bin/clang -x c -arch x86_64 -fmessage-length=0 -fdiagnostics-show-note-include-stack -fmacro-backtrace-limit=0 -Wno-trigraphs -fpascal-strings -O0 -Wno-missing-field-initializers -Wno-missing-prototypes -Wno-return-type -Wno-missing-braces -Wparentheses -Wswitch -Wno-unused-function -Wno-unused-label -Wno-unused-parameter -Wno-unused-variable -Wunused-value -Wno-empty-body -Wno-uninitialized -Wno-unknown-pragmas -Wno-shadow -Wno-four-char-constants -Wno-conversion -Wno-constant-conversion -Wno-int-conversion -Wno-bool-conversion -Wno-enum-conversion -Wno-shorten-64-to-32 -Wpointer-sign -Wno-newline-eof -DCMAKE_INTDIR=\"Debug\" -isysroot /Applications/Xcode.app/Contents/Developer/Platforms/MacOSX.platform/Developer/SDKs/MacOSX10.11.sdk -fasm-blocks -fstrict-aliasing -Wdeprecated-declarations -mmacosx-version-min=10.11 -g -Wno-sign-conversion -I/Users/mclifton/Downloads/openal-soft-1.17.2/CMakeFiles/CMakeTmp/Debug/include -I/Users/mclifton/Downloads/openal-soft-1.17.2/CMakeFiles/CMakeTmp/CMAKE_TRY_COMPILE.build/Debug/cmTC_439fe.build/DerivedSources/x86_64 -I/Users/mclifton/Downloads/openal-soft-1.17.2/CMakeFiles/CMakeTmp/CMAKE_TRY_COMPILE.build/Debug/cmTC_439fe.build/DerivedSources -Wmost -Wno-four-char-constants -Wno-unknown-pragmas -F/Users/mclifton/Downloads/openal-soft-1.17.2/CMakeFiles/CMakeTmp/Debug -std=c11 -D_LARGEFILE_SOURCE -D_LARGE_FILES -MMD -MT dependencies -MF /Users/mclifton/Downloads/openal-soft-1.17.2/CMakeFiles/CMakeTmp/CMAKE_TRY_COMPILE.build/Debug/cmTC_439fe.build/Objects-normal/x86_64/CheckSymbolExists.d --serialize-diagnostics /Users/mclifton/Downloads/openal-soft-1.17.2/CMakeFiles/CMakeTmp/CMAKE_TRY_COMPILE.build/Debug/cmTC_439fe.build/Objects-normal/x86_64/CheckSymbolExists.dia -c /Users/mclifton/Downloads/openal-soft-1.17.2/CMakeFiles/CMakeTmp/CheckSymbolExists.c -o /Users/mclifton/Downloads/openal-soft-1.17.2/CMakeFiles/CMakeTmp/CMAKE_TRY_COMPILE.build/Debug/cmTC_439fe.build/Objects-normal/x86_64/CheckSymbolExists.o
/Users/mclifton/Downloads/openal-soft-1.17.2/CMakeFiles/CMakeTmp/CheckSymbolExists.c:8:19: error: use of undeclared identifier '__control87_2'
  return ((int*)(&__control87_2))[argc];
                  ^
1 error generated.

** BUILD FAILED **


The following build commands failed:
	CompileC CMAKE_TRY_COMPILE.build/Debug/cmTC_439fe.build/Objects-normal/x86_64/CheckSymbolExists.o CheckSymbolExists.c normal x86_64 c com.apple.compilers.llvm.clang.1_0.compiler
(1 failure)

File /Users/mclifton/Downloads/openal-soft-1.17.2/CMakeFiles/CMakeTmp/CheckSymbolExists.c:
/* */
#include <float.h>

int main(int argc, char** argv)
{
  (void)argv;
#ifndef __control87_2
  return ((int*)(&__control87_2))[argc];
#else
  (void)argc;
  return 0;
#endif
}

Determining if the include file windows.h exists failed with the following output:
Change Dir: /Users/mclifton/Downloads/openal-soft-1.17.2/CMakeFiles/CMakeTmp

Run Build Command:"/usr/bin/xcodebuild" "-project" "CMAKE_TRY_COMPILE.xcodeproj" "build" "-target" "cmTC_da9f5" "-configuration" "Debug"
=== BUILD TARGET cmTC_da9f5 OF PROJECT CMAKE_TRY_COMPILE WITH CONFIGURATION Debug ===

Check dependencies

Write auxiliary files
/bin/mkdir -p /Users/mclifton/Downloads/openal-soft-1.17.2/CMakeFiles/CMakeTmp/CMAKE_TRY_COMPILE.build/Debug/cmTC_da9f5.build/Objects-normal/x86_64
write-file /Users/mclifton/Downloads/openal-soft-1.17.2/CMakeFiles/CMakeTmp/CMAKE_TRY_COMPILE.build/Debug/cmTC_da9f5.build/Objects-normal/x86_64/cmTC_da9f5.LinkFileList

CompileC CMAKE_TRY_COMPILE.build/Debug/cmTC_da9f5.build/Objects-normal/x86_64/CheckIncludeFile.o CheckIncludeFile.c normal x86_64 c com.apple.compilers.llvm.clang.1_0.compiler
    cd /Users/mclifton/Downloads/openal-soft-1.17.2/CMakeFiles/CMakeTmp
    export LANG=en_US.US-ASCII
    /Applications/Xcode.app/Contents/Developer/Toolchains/XcodeDefault.xctoolchain/usr/bin/clang -x c -arch x86_64 -fmessage-length=0 -fdiagnostics-show-note-include-stack -fmacro-backtrace-limit=0 -Wno-trigraphs -fpascal-strings -O0 -Wno-missing-field-initializers -Wno-missing-prototypes -Wno-return-type -Wno-missing-braces -Wparentheses -Wswitch -Wno-unused-function -Wno-unused-label -Wno-unused-parameter -Wno-unused-variable -Wunused-value -Wno-empty-body -Wno-uninitialized -Wno-unknown-pragmas -Wno-shadow -Wno-four-char-constants -Wno-conversion -Wno-constant-conversion -Wno-int-conversion -Wno-bool-conversion -Wno-enum-conversion -Wno-shorten-64-to-32 -Wpointer-sign -Wno-newline-eof -DCMAKE_INTDIR=\"Debug\" -isysroot /Applications/Xcode.app/Contents/Developer/Platforms/MacOSX.platform/Developer/SDKs/MacOSX10.11.sdk -fasm-blocks -fstrict-aliasing -Wdeprecated-declarations -mmacosx-version-min=10.11 -g -Wno-sign-conversion -I/Users/mclifton/Downloads/openal-soft-1.17.2/CMakeFiles/CMakeTmp/Debug/include -I/Users/mclifton/Downloads/openal-soft-1.17.2/CMakeFiles/CMakeTmp/CMAKE_TRY_COMPILE.build/Debug/cmTC_da9f5.build/DerivedSources/x86_64 -I/Users/mclifton/Downloads/openal-soft-1.17.2/CMakeFiles/CMakeTmp/CMAKE_TRY_COMPILE.build/Debug/cmTC_da9f5.build/DerivedSources -Wmost -Wno-four-char-constants -Wno-unknown-pragmas -F/Users/mclifton/Downloads/openal-soft-1.17.2/CMakeFiles/CMakeTmp/Debug -std=c11 -D_WIN32_WINNT=0x0502 -D_LARGEFILE_SOURCE -D_LARGE_FILES -MMD -MT dependencies -MF /Users/mclifton/Downloads/openal-soft-1.17.2/CMakeFiles/CMakeTmp/CMAKE_TRY_COMPILE.build/Debug/cmTC_da9f5.build/Objects-normal/x86_64/CheckIncludeFile.d --serialize-diagnostics /Users/mclifton/Downloads/openal-soft-1.17.2/CMakeFiles/CMakeTmp/CMAKE_TRY_COMPILE.build/Debug/cmTC_da9f5.build/Objects-normal/x86_64/CheckIncludeFile.dia -c /Users/mclifton/Downloads/openal-soft-1.17.2/CMakeFiles/CMakeTmp/CheckIncludeFile.c -o /Users/mclifton/Downloads/openal-soft-1.17.2/CMakeFiles/CMakeTmp/CMAKE_TRY_COMPILE.build/Debug/cmTC_da9f5.build/Objects-normal/x86_64/CheckIncludeFile.o
/Users/mclifton/Downloads/openal-soft-1.17.2/CMakeFiles/CMakeTmp/CheckIncludeFile.c:1:10: fatal error: 'windows.h' file not found
#include <windows.h>
         ^
1 error generated.

** BUILD FAILED **


The following build commands failed:
	CompileC CMAKE_TRY_COMPILE.build/Debug/cmTC_da9f5.build/Objects-normal/x86_64/CheckIncludeFile.o CheckIncludeFile.c normal x86_64 c com.apple.compilers.llvm.clang.1_0.compiler
(1 failure)


Determining if files pthread.h;pthread_np.h exist failed with the following output:
Change Dir: /Users/mclifton/Downloads/openal-soft-1.17.2/CMakeFiles/CMakeTmp

Run Build Command:"/usr/bin/xcodebuild" "-project" "CMAKE_TRY_COMPILE.xcodeproj" "build" "-target" "cmTC_8fd15" "-configuration" "Debug"
=== BUILD TARGET cmTC_8fd15 OF PROJECT CMAKE_TRY_COMPILE WITH CONFIGURATION Debug ===

Check dependencies

Write auxiliary files
/bin/mkdir -p /Users/mclifton/Downloads/openal-soft-1.17.2/CMakeFiles/CMakeTmp/CMAKE_TRY_COMPILE.build/Debug/cmTC_8fd15.build/Objects-normal/x86_64
write-file /Users/mclifton/Downloads/openal-soft-1.17.2/CMakeFiles/CMakeTmp/CMAKE_TRY_COMPILE.build/Debug/cmTC_8fd15.build/Objects-normal/x86_64/cmTC_8fd15.LinkFileList

CompileC CMAKE_TRY_COMPILE.build/Debug/cmTC_8fd15.build/Objects-normal/x86_64/CheckIncludeFiles.o CheckIncludeFiles.c normal x86_64 c com.apple.compilers.llvm.clang.1_0.compiler
    cd /Users/mclifton/Downloads/openal-soft-1.17.2/CMakeFiles/CMakeTmp
    export LANG=en_US.US-ASCII
    /Applications/Xcode.app/Contents/Developer/Toolchains/XcodeDefault.xctoolchain/usr/bin/clang -x c -arch x86_64 -fmessage-length=0 -fdiagnostics-show-note-include-stack -fmacro-backtrace-limit=0 -Wno-trigraphs -fpascal-strings -O0 -Wno-missing-field-initializers -Wno-missing-prototypes -Wno-return-type -Wno-missing-braces -Wparentheses -Wswitch -Wno-unused-function -Wno-unused-label -Wno-unused-parameter -Wno-unused-variable -Wunused-value -Wno-empty-body -Wno-uninitialized -Wno-unknown-pragmas -Wno-shadow -Wno-four-char-constants -Wno-conversion -Wno-constant-conversion -Wno-int-conversion -Wno-bool-conversion -Wno-enum-conversion -Wno-shorten-64-to-32 -Wpointer-sign -Wno-newline-eof -DCMAKE_INTDIR=\"Debug\" -isysroot /Applications/Xcode.app/Contents/Developer/Platforms/MacOSX.platform/Developer/SDKs/MacOSX10.11.sdk -fasm-blocks -fstrict-aliasing -Wdeprecated-declarations -mmacosx-version-min=10.11 -g -Wno-sign-conversion -I/Users/mclifton/Downloads/openal-soft-1.17.2/CMakeFiles/CMakeTmp/Debug/include -I/Users/mclifton/Downloads/openal-soft-1.17.2/CMakeFiles/CMakeTmp/CMAKE_TRY_COMPILE.build/Debug/cmTC_8fd15.build/DerivedSources/x86_64 -I/Users/mclifton/Downloads/openal-soft-1.17.2/CMakeFiles/CMakeTmp/CMAKE_TRY_COMPILE.build/Debug/cmTC_8fd15.build/DerivedSources -Wmost -Wno-four-char-constants -Wno-unknown-pragmas -F/Users/mclifton/Downloads/openal-soft-1.17.2/CMakeFiles/CMakeTmp/Debug -std=c11 -D_LARGEFILE_SOURCE -D_LARGE_FILES -MMD -MT dependencies -MF /Users/mclifton/Downloads/openal-soft-1.17.2/CMakeFiles/CMakeTmp/CMAKE_TRY_COMPILE.build/Debug/cmTC_8fd15.build/Objects-normal/x86_64/CheckIncludeFiles.d --serialize-diagnostics /Users/mclifton/Downloads/openal-soft-1.17.2/CMakeFiles/CMakeTmp/CMAKE_TRY_COMPILE.build/Debug/cmTC_8fd15.build/Objects-normal/x86_64/CheckIncludeFiles.dia -c /Users/mclifton/Downloads/openal-soft-1.17.2/CMakeFiles/CMakeTmp/CheckIncludeFiles.c -o /Users/mclifton/Downloads/openal-soft-1.17.2/CMakeFiles/CMakeTmp/CMAKE_TRY_COMPILE.build/Debug/cmTC_8fd15.build/Objects-normal/x86_64/CheckIncludeFiles.o
/Users/mclifton/Downloads/openal-soft-1.17.2/CMakeFiles/CMakeTmp/CheckIncludeFiles.c:3:10: fatal error: 'pthread_np.h' file not found
#include <pthread_np.h>
         ^
1 error generated.

** BUILD FAILED **


The following build commands failed:
	CompileC CMAKE_TRY_COMPILE.build/Debug/cmTC_8fd15.build/Objects-normal/x86_64/CheckIncludeFiles.o CheckIncludeFiles.c normal x86_64 c com.apple.compilers.llvm.clang.1_0.compiler
(1 failure)

Source:
/* */
#include <pthread.h>
#include <pthread_np.h>


int main(void){return 0;}

Determining if the pthread_mutexattr_setkind_np exist failed with the following output:
Change Dir: /Users/mclifton/Downloads/openal-soft-1.17.2/CMakeFiles/CMakeTmp

Run Build Command:"/usr/bin/xcodebuild" "-project" "CMAKE_TRY_COMPILE.xcodeproj" "build" "-target" "cmTC_210cc" "-configuration" "Debug"
=== BUILD TARGET cmTC_210cc OF PROJECT CMAKE_TRY_COMPILE WITH CONFIGURATION Debug ===

Check dependencies

Write auxiliary files
/bin/mkdir -p /Users/mclifton/Downloads/openal-soft-1.17.2/CMakeFiles/CMakeTmp/CMAKE_TRY_COMPILE.build/Debug/cmTC_210cc.build/Objects-normal/x86_64
write-file /Users/mclifton/Downloads/openal-soft-1.17.2/CMakeFiles/CMakeTmp/CMAKE_TRY_COMPILE.build/Debug/cmTC_210cc.build/Objects-normal/x86_64/cmTC_210cc.LinkFileList

CompileC CMAKE_TRY_COMPILE.build/Debug/cmTC_210cc.build/Objects-normal/x86_64/CheckSymbolExists.o CheckSymbolExists.c normal x86_64 c com.apple.compilers.llvm.clang.1_0.compiler
    cd /Users/mclifton/Downloads/openal-soft-1.17.2/CMakeFiles/CMakeTmp
    export LANG=en_US.US-ASCII
    /Applications/Xcode.app/Contents/Developer/Toolchains/XcodeDefault.xctoolchain/usr/bin/clang -x c -arch x86_64 -fmessage-length=0 -fdiagnostics-show-note-include-stack -fmacro-backtrace-limit=0 -Wno-trigraphs -fpascal-strings -O0 -Wno-missing-field-initializers -Wno-missing-prototypes -Wno-return-type -Wno-missing-braces -Wparentheses -Wswitch -Wno-unused-function -Wno-unused-label -Wno-unused-parameter -Wno-unused-variable -Wunused-value -Wno-empty-body -Wno-uninitialized -Wno-unknown-pragmas -Wno-shadow -Wno-four-char-constants -Wno-conversion -Wno-constant-conversion -Wno-int-conversion -Wno-bool-conversion -Wno-enum-conversion -Wno-shorten-64-to-32 -Wpointer-sign -Wno-newline-eof -DCMAKE_INTDIR=\"Debug\" -isysroot /Applications/Xcode.app/Contents/Developer/Platforms/MacOSX.platform/Developer/SDKs/MacOSX10.11.sdk -fasm-blocks -fstrict-aliasing -Wdeprecated-declarations -mmacosx-version-min=10.11 -g -Wno-sign-conversion -I/Users/mclifton/Downloads/openal-soft-1.17.2/CMakeFiles/CMakeTmp/Debug/include -I/Users/mclifton/Downloads/openal-soft-1.17.2/CMakeFiles/CMakeTmp/CMAKE_TRY_COMPILE.build/Debug/cmTC_210cc.build/DerivedSources/x86_64 -I/Users/mclifton/Downloads/openal-soft-1.17.2/CMakeFiles/CMakeTmp/CMAKE_TRY_COMPILE.build/Debug/cmTC_210cc.build/DerivedSources -Wmost -Wno-four-char-constants -Wno-unknown-pragmas -F/Users/mclifton/Downloads/openal-soft-1.17.2/CMakeFiles/CMakeTmp/Debug -std=c11 -D_LARGEFILE_SOURCE -D_LARGE_FILES -pthread -MMD -MT dependencies -MF /Users/mclifton/Downloads/openal-soft-1.17.2/CMakeFiles/CMakeTmp/CMAKE_TRY_COMPILE.build/Debug/cmTC_210cc.build/Objects-normal/x86_64/CheckSymbolExists.d --serialize-diagnostics /Users/mclifton/Downloads/openal-soft-1.17.2/CMakeFiles/CMakeTmp/CMAKE_TRY_COMPILE.build/Debug/cmTC_210cc.build/Objects-normal/x86_64/CheckSymbolExists.dia -c /Users/mclifton/Downloads/openal-soft-1.17.2/CMakeFiles/CMakeTmp/CheckSymbolExists.c -o /Users/mclifton/Downloads/openal-soft-1.17.2/CMakeFiles/CMakeTmp/CMAKE_TRY_COMPILE.build/Debug/cmTC_210cc.build/Objects-normal/x86_64/CheckSymbolExists.o
/Users/mclifton/Downloads/openal-soft-1.17.2/CMakeFiles/CMakeTmp/CheckSymbolExists.c:8:19: error: use of undeclared identifier 'pthread_mutexattr_setkind_np'
  return ((int*)(&pthread_mutexattr_setkind_np))[argc];
                  ^
1 error generated.

** BUILD FAILED **


The following build commands failed:
	CompileC CMAKE_TRY_COMPILE.build/Debug/cmTC_210cc.build/Objects-normal/x86_64/CheckSymbolExists.o CheckSymbolExists.c normal x86_64 c com.apple.compilers.llvm.clang.1_0.compiler
(1 failure)

File /Users/mclifton/Downloads/openal-soft-1.17.2/CMakeFiles/CMakeTmp/CheckSymbolExists.c:
/* */
#include <pthread.h>

int main(int argc, char** argv)
{
  (void)argv;
#ifndef pthread_mutexattr_setkind_np
  return ((int*)(&pthread_mutexattr_setkind_np))[argc];
#else
  (void)argc;
  return 0;
#endif
}

Determining if the pthread_mutex_timedlock exist failed with the following output:
Change Dir: /Users/mclifton/Downloads/openal-soft-1.17.2/CMakeFiles/CMakeTmp

Run Build Command:"/usr/bin/xcodebuild" "-project" "CMAKE_TRY_COMPILE.xcodeproj" "build" "-target" "cmTC_e610d" "-configuration" "Debug"
=== BUILD TARGET cmTC_e610d OF PROJECT CMAKE_TRY_COMPILE WITH CONFIGURATION Debug ===

Check dependencies

Write auxiliary files
/bin/mkdir -p /Users/mclifton/Downloads/openal-soft-1.17.2/CMakeFiles/CMakeTmp/CMAKE_TRY_COMPILE.build/Debug/cmTC_e610d.build/Objects-normal/x86_64
write-file /Users/mclifton/Downloads/openal-soft-1.17.2/CMakeFiles/CMakeTmp/CMAKE_TRY_COMPILE.build/Debug/cmTC_e610d.build/Objects-normal/x86_64/cmTC_e610d.LinkFileList

CompileC CMAKE_TRY_COMPILE.build/Debug/cmTC_e610d.build/Objects-normal/x86_64/CheckSymbolExists.o CheckSymbolExists.c normal x86_64 c com.apple.compilers.llvm.clang.1_0.compiler
    cd /Users/mclifton/Downloads/openal-soft-1.17.2/CMakeFiles/CMakeTmp
    export LANG=en_US.US-ASCII
    /Applications/Xcode.app/Contents/Developer/Toolchains/XcodeDefault.xctoolchain/usr/bin/clang -x c -arch x86_64 -fmessage-length=0 -fdiagnostics-show-note-include-stack -fmacro-backtrace-limit=0 -Wno-trigraphs -fpascal-strings -O0 -Wno-missing-field-initializers -Wno-missing-prototypes -Wno-return-type -Wno-missing-braces -Wparentheses -Wswitch -Wno-unused-function -Wno-unused-label -Wno-unused-parameter -Wno-unused-variable -Wunused-value -Wno-empty-body -Wno-uninitialized -Wno-unknown-pragmas -Wno-shadow -Wno-four-char-constants -Wno-conversion -Wno-constant-conversion -Wno-int-conversion -Wno-bool-conversion -Wno-enum-conversion -Wno-shorten-64-to-32 -Wpointer-sign -Wno-newline-eof -DCMAKE_INTDIR=\"Debug\" -isysroot /Applications/Xcode.app/Contents/Developer/Platforms/MacOSX.platform/Developer/SDKs/MacOSX10.11.sdk -fasm-blocks -fstrict-aliasing -Wdeprecated-declarations -mmacosx-version-min=10.11 -g -Wno-sign-conversion -I/Users/mclifton/Downloads/openal-soft-1.17.2/CMakeFiles/CMakeTmp/Debug/include -I/Users/mclifton/Downloads/openal-soft-1.17.2/CMakeFiles/CMakeTmp/CMAKE_TRY_COMPILE.build/Debug/cmTC_e610d.build/DerivedSources/x86_64 -I/Users/mclifton/Downloads/openal-soft-1.17.2/CMakeFiles/CMakeTmp/CMAKE_TRY_COMPILE.build/Debug/cmTC_e610d.build/DerivedSources -Wmost -Wno-four-char-constants -Wno-unknown-pragmas -F/Users/mclifton/Downloads/openal-soft-1.17.2/CMakeFiles/CMakeTmp/Debug -std=c11 -D_LARGEFILE_SOURCE -D_LARGE_FILES -pthread -MMD -MT dependencies -MF /Users/mclifton/Downloads/openal-soft-1.17.2/CMakeFiles/CMakeTmp/CMAKE_TRY_COMPILE.build/Debug/cmTC_e610d.build/Objects-normal/x86_64/CheckSymbolExists.d --serialize-diagnostics /Users/mclifton/Downloads/openal-soft-1.17.2/CMakeFiles/CMakeTmp/CMAKE_TRY_COMPILE.build/Debug/cmTC_e610d.build/Objects-normal/x86_64/CheckSymbolExists.dia -c /Users/mclifton/Downloads/openal-soft-1.17.2/CMakeFiles/CMakeTmp/CheckSymbolExists.c -o /Users/mclifton/Downloads/openal-soft-1.17.2/CMakeFiles/CMakeTmp/CMAKE_TRY_COMPILE.build/Debug/cmTC_e610d.build/Objects-normal/x86_64/CheckSymbolExists.o
/Users/mclifton/Downloads/openal-soft-1.17.2/CMakeFiles/CMakeTmp/CheckSymbolExists.c:8:19: error: use of undeclared identifier 'pthread_mutex_timedlock'; did you mean 'pthread_mutex_trylock'?
  return ((int*)(&pthread_mutex_timedlock))[argc];
                  ^~~~~~~~~~~~~~~~~~~~~~~
                  pthread_mutex_trylock
In file included from /Users/mclifton/Downloads/openal-soft-1.17.2/CMakeFiles/CMakeTmp/CheckSymbolExists.c:2:
/Applications/Xcode.app/Contents/Developer/Platforms/MacOSX.platform/Developer/SDKs/MacOSX10.11.sdk/usr/include/pthread.h:362:5: note: 'pthread_mutex_trylock' declared here
int pthread_mutex_trylock(pthread_mutex_t *);
    ^
1 error generated.

** BUILD FAILED **


The following build commands failed:
	CompileC CMAKE_TRY_COMPILE.build/Debug/cmTC_e610d.build/Objects-normal/x86_64/CheckSymbolExists.o CheckSymbolExists.c normal x86_64 c com.apple.compilers.llvm.clang.1_0.compiler
(1 failure)

File /Users/mclifton/Downloads/openal-soft-1.17.2/CMakeFiles/CMakeTmp/CheckSymbolExists.c:
/* */
#include <pthread.h>

int main(int argc, char** argv)
{
  (void)argv;
#ifndef pthread_mutex_timedlock
  return ((int*)(&pthread_mutex_timedlock))[argc];
#else
  (void)argc;
  return 0;
#endif
}

Determining if the function clock_gettime exists in the rt failed with the following output:
Change Dir: /Users/mclifton/Downloads/openal-soft-1.17.2/CMakeFiles/CMakeTmp

Run Build Command:"/usr/bin/xcodebuild" "-project" "CMAKE_TRY_COMPILE.xcodeproj" "build" "-target" "cmTC_76a44" "-configuration" "Debug"
=== BUILD TARGET cmTC_76a44 OF PROJECT CMAKE_TRY_COMPILE WITH CONFIGURATION Debug ===

Check dependencies

Write auxiliary files
/bin/mkdir -p /Users/mclifton/Downloads/openal-soft-1.17.2/CMakeFiles/CMakeTmp/CMAKE_TRY_COMPILE.build/Debug/cmTC_76a44.build/Objects-normal/x86_64
write-file /Users/mclifton/Downloads/openal-soft-1.17.2/CMakeFiles/CMakeTmp/CMAKE_TRY_COMPILE.build/Debug/cmTC_76a44.build/Objects-normal/x86_64/cmTC_76a44.LinkFileList

CompileC CMAKE_TRY_COMPILE.build/Debug/cmTC_76a44.build/Objects-normal/x86_64/CheckFunctionExists.o /Applications/CMake.app/Contents/share/cmake-3.5/Modules/CheckFunctionExists.c normal x86_64 c com.apple.compilers.llvm.clang.1_0.compiler
    cd /Users/mclifton/Downloads/openal-soft-1.17.2/CMakeFiles/CMakeTmp
    export LANG=en_US.US-ASCII
    /Applications/Xcode.app/Contents/Developer/Toolchains/XcodeDefault.xctoolchain/usr/bin/clang -x c -arch x86_64 -fmessage-length=0 -fdiagnostics-show-note-include-stack -fmacro-backtrace-limit=0 -Wno-trigraphs -fpascal-strings -O0 -Wno-missing-field-initializers -Wno-missing-prototypes -Wno-return-type -Wno-missing-braces -Wparentheses -Wswitch -Wno-unused-function -Wno-unused-label -Wno-unused-parameter -Wno-unused-variable -Wunused-value -Wno-empty-body -Wno-uninitialized -Wno-unknown-pragmas -Wno-shadow -Wno-four-char-constants -Wno-conversion -Wno-constant-conversion -Wno-int-conversion -Wno-bool-conversion -Wno-enum-conversion -Wno-shorten-64-to-32 -Wpointer-sign -Wno-newline-eof -DCMAKE_INTDIR=\"Debug\" -isysroot /Applications/Xcode.app/Contents/Developer/Platforms/MacOSX.platform/Developer/SDKs/MacOSX10.11.sdk -fasm-blocks -fstrict-aliasing -Wdeprecated-declarations -mmacosx-version-min=10.11 -g -Wno-sign-conversion -I/Users/mclifton/Downloads/openal-soft-1.17.2/CMakeFiles/CMakeTmp/Debug/include -I/Users/mclifton/Downloads/openal-soft-1.17.2/CMakeFiles/CMakeTmp/CMAKE_TRY_COMPILE.build/Debug/cmTC_76a44.build/DerivedSources/x86_64 -I/Users/mclifton/Downloads/openal-soft-1.17.2/CMakeFiles/CMakeTmp/CMAKE_TRY_COMPILE.build/Debug/cmTC_76a44.build/DerivedSources -Wmost -Wno-four-char-constants -Wno-unknown-pragmas -F/Users/mclifton/Downloads/openal-soft-1.17.2/CMakeFiles/CMakeTmp/Debug -std=c11 -DCHECK_FUNCTION_EXISTS=clock_gettime -D_LARGEFILE_SOURCE -D_LARGE_FILES -pthread -MMD -MT dependencies -MF /Users/mclifton/Downloads/openal-soft-1.17.2/CMakeFiles/CMakeTmp/CMAKE_TRY_COMPILE.build/Debug/cmTC_76a44.build/Objects-normal/x86_64/CheckFunctionExists.d --serialize-diagnostics /Users/mclifton/Downloads/openal-soft-1.17.2/CMakeFiles/CMakeTmp/CMAKE_TRY_COMPILE.build/Debug/cmTC_76a44.build/Objects-normal/x86_64/CheckFunctionExists.dia -c /Applications/CMake.app/Contents/share/cmake-3.5/Modules/CheckFunctionExists.c -o /Users/mclifton/Downloads/openal-soft-1.17.2/CMakeFiles/CMakeTmp/CMAKE_TRY_COMPILE.build/Debug/cmTC_76a44.build/Objects-normal/x86_64/CheckFunctionExists.o

Ld Debug/cmTC_76a44 normal x86_64
    cd /Users/mclifton/Downloads/openal-soft-1.17.2/CMakeFiles/CMakeTmp
    export MACOSX_DEPLOYMENT_TARGET=10.11
    /Applications/Xcode.app/Contents/Developer/Toolchains/XcodeDefault.xctoolchain/usr/bin/clang -arch x86_64 -isysroot /Applications/Xcode.app/Contents/Developer/Platforms/MacOSX.platform/Developer/SDKs/MacOSX10.11.sdk -L/Users/mclifton/Downloads/openal-soft-1.17.2/CMakeFiles/CMakeTmp/Debug -F/Users/mclifton/Downloads/openal-soft-1.17.2/CMakeFiles/CMakeTmp/Debug -filelist /Users/mclifton/Downloads/openal-soft-1.17.2/CMakeFiles/CMakeTmp/CMAKE_TRY_COMPILE.build/Debug/cmTC_76a44.build/Objects-normal/x86_64/cmTC_76a44.LinkFileList -mmacosx-version-min=10.11 -Wl,-search_paths_first -Wl,-headerpad_max_install_names -lrt -lm -ldl -Xlinker -dependency_info -Xlinker /Users/mclifton/Downloads/openal-soft-1.17.2/CMakeFiles/CMakeTmp/CMAKE_TRY_COMPILE.build/Debug/cmTC_76a44.build/Objects-normal/x86_64/cmTC_76a44_dependency_info.dat -o /Users/mclifton/Downloads/openal-soft-1.17.2/CMakeFiles/CMakeTmp/Debug/cmTC_76a44
ld: library not found for -lrt
clang: error: linker command failed with exit code 1 (use -v to see invocation)

** BUILD FAILED **


The following build commands failed:
	Ld Debug/cmTC_76a44 normal x86_64
(1 failure)


Determining if the include file arm_neon.h exists failed with the following output:
Change Dir: /Users/mclifton/Downloads/openal-soft-1.17.2/CMakeFiles/CMakeTmp

Run Build Command:"/usr/bin/xcodebuild" "-project" "CMAKE_TRY_COMPILE.xcodeproj" "build" "-target" "cmTC_37090" "-configuration" "Debug"
=== BUILD TARGET cmTC_37090 OF PROJECT CMAKE_TRY_COMPILE WITH CONFIGURATION Debug ===

Check dependencies

Write auxiliary files
/bin/mkdir -p /Users/mclifton/Downloads/openal-soft-1.17.2/CMakeFiles/CMakeTmp/CMAKE_TRY_COMPILE.build/Debug/cmTC_37090.build/Objects-normal/x86_64
write-file /Users/mclifton/Downloads/openal-soft-1.17.2/CMakeFiles/CMakeTmp/CMAKE_TRY_COMPILE.build/Debug/cmTC_37090.build/Objects-normal/x86_64/cmTC_37090.LinkFileList

CompileC CMAKE_TRY_COMPILE.build/Debug/cmTC_37090.build/Objects-normal/x86_64/CheckIncludeFile.o CheckIncludeFile.c normal x86_64 c com.apple.compilers.llvm.clang.1_0.compiler
    cd /Users/mclifton/Downloads/openal-soft-1.17.2/CMakeFiles/CMakeTmp
    export LANG=en_US.US-ASCII
    /Applications/Xcode.app/Contents/Developer/Toolchains/XcodeDefault.xctoolchain/usr/bin/clang -x c -arch x86_64 -fmessage-length=0 -fdiagnostics-show-note-include-stack -fmacro-backtrace-limit=0 -Wno-trigraphs -fpascal-strings -O0 -Wno-missing-field-initializers -Wno-missing-prototypes -Wno-return-type -Wno-missing-braces -Wparentheses -Wswitch -Wno-unused-function -Wno-unused-label -Wno-unused-parameter -Wno-unused-variable -Wunused-value -Wno-empty-body -Wno-uninitialized -Wno-unknown-pragmas -Wno-shadow -Wno-four-char-constants -Wno-conversion -Wno-constant-conversion -Wno-int-conversion -Wno-bool-conversion -Wno-enum-conversion -Wno-shorten-64-to-32 -Wpointer-sign -Wno-newline-eof -DCMAKE_INTDIR=\"Debug\" -isysroot /Applications/Xcode.app/Contents/Developer/Platforms/MacOSX.platform/Developer/SDKs/MacOSX10.11.sdk -fasm-blocks -fstrict-aliasing -Wdeprecated-declarations -mmacosx-version-min=10.11 -g -Wno-sign-conversion -I/Users/mclifton/Downloads/openal-soft-1.17.2/CMakeFiles/CMakeTmp/Debug/include -I/Users/mclifton/Downloads/openal-soft-1.17.2/CMakeFiles/CMakeTmp/CMAKE_TRY_COMPILE.build/Debug/cmTC_37090.build/DerivedSources/x86_64 -I/Users/mclifton/Downloads/openal-soft-1.17.2/CMakeFiles/CMakeTmp/CMAKE_TRY_COMPILE.build/Debug/cmTC_37090.build/DerivedSources -Wmost -Wno-four-char-constants -Wno-unknown-pragmas -F/Users/mclifton/Downloads/openal-soft-1.17.2/CMakeFiles/CMakeTmp/Debug -std=c11 -D_LARGEFILE_SOURCE -D_LARGE_FILES -pthread -MMD -MT dependencies -MF /Users/mclifton/Downloads/openal-soft-1.17.2/CMakeFiles/CMakeTmp/CMAKE_TRY_COMPILE.build/Debug/cmTC_37090.build/Objects-normal/x86_64/CheckIncludeFile.d --serialize-diagnostics /Users/mclifton/Downloads/openal-soft-1.17.2/CMakeFiles/CMakeTmp/CMAKE_TRY_COMPILE.build/Debug/cmTC_37090.build/Objects-normal/x86_64/CheckIncludeFile.dia -c /Users/mclifton/Downloads/openal-soft-1.17.2/CMakeFiles/CMakeTmp/CheckIncludeFile.c -o /Users/mclifton/Downloads/openal-soft-1.17.2/CMakeFiles/CMakeTmp/CMAKE_TRY_COMPILE.build/Debug/cmTC_37090.build/Objects-normal/x86_64/CheckIncludeFile.o
In file included from /Users/mclifton/Downloads/openal-soft-1.17.2/CMakeFiles/CMakeTmp/CheckIncludeFile.c:1:
/Applications/Xcode.app/Contents/Developer/Toolchains/XcodeDefault.xctoolchain/usr/bin/../lib/clang/7.0.0/include/arm_neon.h:28:2: error: "NEON support not enabled"
#error "NEON support not enabled"
 ^
/Applications/Xcode.app/Contents/Developer/Toolchains/XcodeDefault.xctoolchain/usr/bin/../lib/clang/7.0.0/include/arm_neon.h:98:24: error: 'neon_vector_type' attribute is not supported for this target
typedef __attribute__((neon_vector_type(8))) int8_t int8x8_t;
                       ^
/Applications/Xcode.app/Contents/Developer/Toolchains/XcodeDefault.xctoolchain/usr/bin/../lib/clang/7.0.0/include/arm_neon.h:99:24: error: 'neon_vector_type' attribute is not supported for this target
typedef __attribute__((neon_vector_type(16))) int8_t int8x16_t;
                       ^
/Applications/Xcode.app/Contents/Developer/Toolchains/XcodeDefault.xctoolchain/usr/bin/../lib/clang/7.0.0/include/arm_neon.h:100:24: error: 'neon_vector_type' attribute is not supported for this target
typedef __attribute__((neon_vector_type(4))) int16_t int16x4_t;
                       ^
/Applications/Xcode.app/Contents/Developer/Toolchains/XcodeDefault.xctoolchain/usr/bin/../lib/clang/7.0.0/include/arm_neon.h:101:24: error: 'neon_vector_type' attribute is not supported for this target
typedef __attribute__((neon_vector_type(8))) int16_t int16x8_t;
                       ^
/Applications/Xcode.app/Contents/Developer/Toolchains/XcodeDefault.xctoolchain/usr/bin/../lib/clang/7.0.0/include/arm_neon.h:102:24: error: 'neon_vector_type' attribute is not supported for this target
typedef __attribute__((neon_vector_type(2))) int32_t int32x2_t;
                       ^
/Applications/Xcode.app/Contents/Developer/Toolchains/XcodeDefault.xctoolchain/usr/bin/../lib/clang/7.0.0/include/arm_neon.h:103:24: error: 'neon_vector_type' attribute is not supported for this target
typedef __attribute__((neon_vector_type(4))) int32_t int32x4_t;
                       ^
/Applications/Xcode.app/Contents/Developer/Toolchains/XcodeDefault.xctoolchain/usr/bin/../lib/clang/7.0.0/include/arm_neon.h:104:24: error: 'neon_vector_type' attribute is not supported for this target
typedef __attribute__((neon_vector_type(1))) int64_t int64x1_t;
                       ^
/Applications/Xcode.app/Contents/Developer/Toolchains/XcodeDefault.xctoolchain/usr/bin/../lib/clang/7.0.0/include/arm_neon.h:105:24: error: 'neon_vector_type' attribute is not supported for this target
typedef __attribute__((neon_vector_type(2))) int64_t int64x2_t;
                       ^
/Applications/Xcode.app/Contents/Developer/Toolchains/XcodeDefault.xctoolchain/usr/bin/../lib/clang/7.0.0/include/arm_neon.h:106:24: error: 'neon_vector_type' attribute is not supported for this target
typedef __attribute__((neon_vector_type(8))) uint8_t uint8x8_t;
                       ^
/Applications/Xcode.app/Contents/Developer/Toolchains/XcodeDefault.xctoolchain/usr/bin/../lib/clang/7.0.0/include/arm_neon.h:107:24: error: 'neon_vector_type' attribute is not supported for this target
typedef __attribute__((neon_vector_type(16))) uint8_t uint8x16_t;
                       ^
/Applications/Xcode.app/Contents/Developer/Toolchains/XcodeDefault.xctoolchain/usr/bin/../lib/clang/7.0.0/include/arm_neon.h:108:24: error: 'neon_vector_type' attribute is not supported for this target
typedef __attribute__((neon_vector_type(4))) uint16_t uint16x4_t;
                       ^
/Applications/Xcode.app/Contents/Developer/Toolchains/XcodeDefault.xctoolchain/usr/bin/../lib/clang/7.0.0/include/arm_neon.h:109:24: error: 'neon_vector_type' attribute is not supported for this target
typedef __attribute__((neon_vector_type(8))) uint16_t uint16x8_t;
                       ^
/Applications/Xcode.app/Contents/Developer/Toolchains/XcodeDefault.xctoolchain/usr/bin/../lib/clang/7.0.0/include/arm_neon.h:110:24: error: 'neon_vector_type' attribute is not supported for this target
typedef __attribute__((neon_vector_type(2))) uint32_t uint32x2_t;
                       ^
/Applications/Xcode.app/Contents/Developer/Toolchains/XcodeDefault.xctoolchain/usr/bin/../lib/clang/7.0.0/include/arm_neon.h:111:24: error: 'neon_vector_type' attribute is not supported for this target
typedef __attribute__((neon_vector_type(4))) uint32_t uint32x4_t;
                       ^
/Applications/Xcode.app/Contents/Developer/Toolchains/XcodeDefault.xctoolchain/usr/bin/../lib/clang/7.0.0/include/arm_neon.h:112:24: error: 'neon_vector_type' attribute is not supported for this target
typedef __attribute__((neon_vector_type(1))) uint64_t uint64x1_t;
                       ^
/Applications/Xcode.app/Contents/Developer/Toolchains/XcodeDefault.xctoolchain/usr/bin/../lib/clang/7.0.0/include/arm_neon.h:113:24: error: 'neon_vector_type' attribute is not supported for this target
typedef __attribute__((neon_vector_type(2))) uint64_t uint64x2_t;
                       ^
/Applications/Xcode.app/Contents/Developer/Toolchains/XcodeDefault.xctoolchain/usr/bin/../lib/clang/7.0.0/include/arm_neon.h:114:24: error: 'neon_vector_type' attribute is not supported for this target
typedef __attribute__((neon_vector_type(4))) float16_t float16x4_t;
                       ^
/Applications/Xcode.app/Contents/Developer/Toolchains/XcodeDefault.xctoolchain/usr/bin/../lib/clang/7.0.0/include/arm_neon.h:115:24: error: 'neon_vector_type' attribute is not supported for this target
typedef __attribute__((neon_vector_type(8))) float16_t float16x8_t;
                       ^
fatal error: too many errors emitted, stopping now [-ferror-limit=]
20 errors generated.

** BUILD FAILED **


The following build commands failed:
	CompileC CMAKE_TRY_COMPILE.build/Debug/cmTC_37090.build/Objects-normal/x86_64/CheckIncludeFile.o CheckIncludeFile.c normal x86_64 c com.apple.compilers.llvm.clang.1_0.compiler
(1 failure)


Determining if files SLES/OpenSLES.h;SLES/OpenSLES_Android.h exist failed with the following output:
Change Dir: /Users/mclifton/Downloads/openal-soft-1.17.2/CMakeFiles/CMakeTmp

Run Build Command:"/usr/bin/xcodebuild" "-project" "CMAKE_TRY_COMPILE.xcodeproj" "build" "-target" "cmTC_c1035" "-configuration" "Debug"
=== BUILD TARGET cmTC_c1035 OF PROJECT CMAKE_TRY_COMPILE WITH CONFIGURATION Debug ===

Check dependencies

Write auxiliary files
/bin/mkdir -p /Users/mclifton/Downloads/openal-soft-1.17.2/CMakeFiles/CMakeTmp/CMAKE_TRY_COMPILE.build/Debug/cmTC_c1035.build/Objects-normal/x86_64
write-file /Users/mclifton/Downloads/openal-soft-1.17.2/CMakeFiles/CMakeTmp/CMAKE_TRY_COMPILE.build/Debug/cmTC_c1035.build/Objects-normal/x86_64/cmTC_c1035.LinkFileList

CompileC CMAKE_TRY_COMPILE.build/Debug/cmTC_c1035.build/Objects-normal/x86_64/CheckIncludeFiles.o CheckIncludeFiles.c normal x86_64 c com.apple.compilers.llvm.clang.1_0.compiler
    cd /Users/mclifton/Downloads/openal-soft-1.17.2/CMakeFiles/CMakeTmp
    export LANG=en_US.US-ASCII
    /Applications/Xcode.app/Contents/Developer/Toolchains/XcodeDefault.xctoolchain/usr/bin/clang -x c -arch x86_64 -fmessage-length=0 -fdiagnostics-show-note-include-stack -fmacro-backtrace-limit=0 -Wno-trigraphs -fpascal-strings -O0 -Wno-missing-field-initializers -Wno-missing-prototypes -Wno-return-type -Wno-missing-braces -Wparentheses -Wswitch -Wno-unused-function -Wno-unused-label -Wno-unused-parameter -Wno-unused-variable -Wunused-value -Wno-empty-body -Wno-uninitialized -Wno-unknown-pragmas -Wno-shadow -Wno-four-char-constants -Wno-conversion -Wno-constant-conversion -Wno-int-conversion -Wno-bool-conversion -Wno-enum-conversion -Wno-shorten-64-to-32 -Wpointer-sign -Wno-newline-eof -DCMAKE_INTDIR=\"Debug\" -isysroot /Applications/Xcode.app/Contents/Developer/Platforms/MacOSX.platform/Developer/SDKs/MacOSX10.11.sdk -fasm-blocks -fstrict-aliasing -Wdeprecated-declarations -mmacosx-version-min=10.11 -g -Wno-sign-conversion -I/Users/mclifton/Downloads/openal-soft-1.17.2/CMakeFiles/CMakeTmp/Debug/include -I/Users/mclifton/Downloads/openal-soft-1.17.2/CMakeFiles/CMakeTmp/CMAKE_TRY_COMPILE.build/Debug/cmTC_c1035.build/DerivedSources/x86_64 -I/Users/mclifton/Downloads/openal-soft-1.17.2/CMakeFiles/CMakeTmp/CMAKE_TRY_COMPILE.build/Debug/cmTC_c1035.build/DerivedSources -Wmost -Wno-four-char-constants -Wno-unknown-pragmas -F/Users/mclifton/Downloads/openal-soft-1.17.2/CMakeFiles/CMakeTmp/Debug -std=c11 -D_LARGEFILE_SOURCE -D_LARGE_FILES -pthread -MMD -MT dependencies -MF /Users/mclifton/Downloads/openal-soft-1.17.2/CMakeFiles/CMakeTmp/CMAKE_TRY_COMPILE.build/Debug/cmTC_c1035.build/Objects-normal/x86_64/CheckIncludeFiles.d --serialize-diagnostics /Users/mclifton/Downloads/openal-soft-1.17.2/CMakeFiles/CMakeTmp/CMAKE_TRY_COMPILE.build/Debug/cmTC_c1035.build/Objects-normal/x86_64/CheckIncludeFiles.dia -c /Users/mclifton/Downloads/openal-soft-1.17.2/CMakeFiles/CMakeTmp/CheckIncludeFiles.c -o /Users/mclifton/Downloads/openal-soft-1.17.2/CMakeFiles/CMakeTmp/CMAKE_TRY_COMPILE.build/Debug/cmTC_c1035.build/Objects-normal/x86_64/CheckIncludeFiles.o
/Users/mclifton/Downloads/openal-soft-1.17.2/CMakeFiles/CMakeTmp/CheckIncludeFiles.c:2:10: fatal error: 'SLES/OpenSLES.h' file not found
#include <SLES/OpenSLES.h>
         ^
1 error generated.

** BUILD FAILED **


The following build commands failed:
	CompileC CMAKE_TRY_COMPILE.build/Debug/cmTC_c1035.build/Objects-normal/x86_64/CheckIncludeFiles.o CheckIncludeFiles.c normal x86_64 c com.apple.compilers.llvm.clang.1_0.compiler
(1 failure)

Source:
/* */
#include <SLES/OpenSLES.h>
#include <SLES/OpenSLES_Android.h>


int main(void){return 0;}

